

================================================================
== Vivado HLS Report for 'Block_proc'
================================================================
* Date:           Fri May 29 14:37:02 2020

* Version:        2019.1 (Build 2552052 on Fri May 24 15:28:33 MDT 2019)
* Project:        sobel_edge
* Solution:       solution1
* Product family: zynquplus
* Target device:  xczu3eg-sbva484-1-e


================================================================
== Performance Estimates
================================================================
+ Timing (ns): 
    * Summary: 
    +--------+-------+----------+------------+
    |  Clock | Target| Estimated| Uncertainty|
    +--------+-------+----------+------------+
    |ap_clk  |  10.00|     2.167|        1.25|
    +--------+-------+----------+------------+

+ Latency (clock cycles): 
    * Summary: 
    +-----+-----+-----+-----+---------+
    |  Latency  |  Interval | Pipeline|
    | min | max | min | max |   Type  |
    +-----+-----+-----+-----+---------+
    |    0|    0|    0|    0|   none  |
    +-----+-----+-----+-----+---------+

    + Detail: 
        * Instance: 
        N/A

        * Loop: 
        N/A



================================================================
== Utilization Estimates
================================================================
* Summary: 
+-----------------+---------+-------+--------+-------+-----+
|       Name      | BRAM_18K| DSP48E|   FF   |  LUT  | URAM|
+-----------------+---------+-------+--------+-------+-----+
|DSP              |        -|      -|       -|      -|    -|
|Expression       |        -|      -|       0|      2|    -|
|FIFO             |        -|      -|       -|      -|    -|
|Instance         |        -|      -|       -|      -|    -|
|Memory           |        -|      -|       -|      -|    -|
|Multiplexer      |        -|      -|       -|     54|    -|
|Register         |        -|      -|       3|      -|    -|
+-----------------+---------+-------+--------+-------+-----+
|Total            |        0|      0|       3|     56|    0|
+-----------------+---------+-------+--------+-------+-----+
|Available        |      432|    360|  141120|  70560|    0|
+-----------------+---------+-------+--------+-------+-----+
|Utilization (%)  |        0|      0|   ~0   |   ~0  |    0|
+-----------------+---------+-------+--------+-------+-----+

+ Detail: 
    * Instance: 
    N/A

    * DSP48E: 
    N/A

    * Memory: 
    N/A

    * FIFO: 
    N/A

    * Expression: 
    +-----------------+----------+-------+---+----+------------+------------+
    |  Variable Name  | Operation| DSP48E| FF| LUT| Bitwidth P0| Bitwidth P1|
    +-----------------+----------+-------+---+----+------------+------------+
    |ap_block_state1  |    or    |      0|  0|   2|           1|           1|
    +-----------------+----------+-------+---+----+------------+------------+
    |Total            |          |      0|  0|   2|           1|           1|
    +-----------------+----------+-------+---+----+------------+------------+

    * Multiplexer: 
    +--------------------------+----+-----------+-----+-----------+
    |           Name           | LUT| Input Size| Bits| Total Bits|
    +--------------------------+----+-----------+-----+-----------+
    |ap_done                   |   9|          2|    1|          2|
    |real_start                |   9|          2|    1|          2|
    |sobel_g_cols_V_out_blk_n  |   9|          2|    1|          2|
    |sobel_g_rows_V_out_blk_n  |   9|          2|    1|          2|
    |src_cols_V_out_blk_n      |   9|          2|    1|          2|
    |src_rows_V_out_blk_n      |   9|          2|    1|          2|
    +--------------------------+----+-----------+-----+-----------+
    |Total                     |  54|         12|    6|         12|
    +--------------------------+----+-----------+-----+-----------+

    * Register: 
    +----------------+---+----+-----+-----------+
    |      Name      | FF| LUT| Bits| Const Bits|
    +----------------+---+----+-----+-----------+
    |ap_CS_fsm       |  1|   0|    1|          0|
    |ap_done_reg     |  1|   0|    1|          0|
    |start_once_reg  |  1|   0|    1|          0|
    +----------------+---+----+-----+-----------+
    |Total           |  3|   0|    3|          0|
    +----------------+---+----+-----+-----------+



================================================================
== Interface
================================================================
* Summary: 
+---------------------------+-----+-----+------------+--------------------+--------------+
|         RTL Ports         | Dir | Bits|  Protocol  |    Source Object   |    C Type    |
+---------------------------+-----+-----+------------+--------------------+--------------+
|ap_clk                     |  in |    1| ap_ctrl_hs |     Block__proc    | return value |
|ap_rst                     |  in |    1| ap_ctrl_hs |     Block__proc    | return value |
|ap_start                   |  in |    1| ap_ctrl_hs |     Block__proc    | return value |
|start_full_n               |  in |    1| ap_ctrl_hs |     Block__proc    | return value |
|ap_done                    | out |    1| ap_ctrl_hs |     Block__proc    | return value |
|ap_continue                |  in |    1| ap_ctrl_hs |     Block__proc    | return value |
|ap_idle                    | out |    1| ap_ctrl_hs |     Block__proc    | return value |
|ap_ready                   | out |    1| ap_ctrl_hs |     Block__proc    | return value |
|start_out                  | out |    1| ap_ctrl_hs |     Block__proc    | return value |
|start_write                | out |    1| ap_ctrl_hs |     Block__proc    | return value |
|src_rows_V_out_din         | out |   12|   ap_fifo  |   src_rows_V_out   |    pointer   |
|src_rows_V_out_full_n      |  in |    1|   ap_fifo  |   src_rows_V_out   |    pointer   |
|src_rows_V_out_write       | out |    1|   ap_fifo  |   src_rows_V_out   |    pointer   |
|src_cols_V_out_din         | out |   12|   ap_fifo  |   src_cols_V_out   |    pointer   |
|src_cols_V_out_full_n      |  in |    1|   ap_fifo  |   src_cols_V_out   |    pointer   |
|src_cols_V_out_write       | out |    1|   ap_fifo  |   src_cols_V_out   |    pointer   |
|sobel_g_rows_V_out_din     | out |   12|   ap_fifo  | sobel_g_rows_V_out |    pointer   |
|sobel_g_rows_V_out_full_n  |  in |    1|   ap_fifo  | sobel_g_rows_V_out |    pointer   |
|sobel_g_rows_V_out_write   | out |    1|   ap_fifo  | sobel_g_rows_V_out |    pointer   |
|sobel_g_cols_V_out_din     | out |   12|   ap_fifo  | sobel_g_cols_V_out |    pointer   |
|sobel_g_cols_V_out_full_n  |  in |    1|   ap_fifo  | sobel_g_cols_V_out |    pointer   |
|sobel_g_cols_V_out_write   | out |    1|   ap_fifo  | sobel_g_cols_V_out |    pointer   |
+---------------------------+-----+-----+------------+--------------------+--------------+

