

================================================================
== Vivado HLS Report for 'ConvertScaleAbs273'
================================================================
* Date:           Wed Jun  3 20:20:43 2020

* Version:        2019.1 (Build 2552052 on Fri May 24 15:28:33 MDT 2019)
* Project:        sobel_edge
* Solution:       solution1
* Product family: zynquplus
* Target device:  xczu3eg-sbva484-1-e


================================================================
== Performance Estimates
================================================================
+ Timing (ns): 
    * Summary: 
    +--------+-------+----------+------------+
    |  Clock | Target| Estimated| Uncertainty|
    +--------+-------+----------+------------+
    |ap_clk  |  10.00|     8.544|        1.25|
    +--------+-------+----------+------------+

+ Latency (clock cycles): 
    * Summary: 
    +---------+---------+---------+---------+---------+
    |      Latency      |      Interval     | Pipeline|
    |   min   |   max   |   min   |   max   |   Type  |
    +---------+---------+---------+---------+---------+
    |  2083321|  2083321|  2083321|  2083321|   none  |
    +---------+---------+---------+---------+---------+

    + Detail: 
        * Instance: 
        N/A

        * Loop: 
        +---------------+---------+---------+----------+-----------+-----------+------+----------+
        |               |      Latency      | Iteration|  Initiation Interval  | Trip |          |
        |   Loop Name   |   min   |   max   |  Latency |  achieved |   target  | Count| Pipelined|
        +---------------+---------+---------+----------+-----------+-----------+------+----------+
        |- loop_height  |  2083320|  2083320|      1929|          -|          -|  1080|    no    |
        | + loop_width  |     1926|     1926|         8|          1|          1|  1920|    yes   |
        +---------------+---------+---------+----------+-----------+-----------+------+----------+



================================================================
== Utilization Estimates
================================================================
* Summary: 
+-----------------+---------+-------+--------+-------+-----+
|       Name      | BRAM_18K| DSP48E|   FF   |  LUT  | URAM|
+-----------------+---------+-------+--------+-------+-----+
|DSP              |        -|      -|       -|      -|    -|
|Expression       |        -|      -|       0|   1292|    -|
|FIFO             |        -|      -|       -|      -|    -|
|Instance         |        -|      0|     260|    415|    -|
|Memory           |        -|      -|       -|      -|    -|
|Multiplexer      |        -|      -|       -|     90|    -|
|Register         |        0|      -|     199|     32|    -|
+-----------------+---------+-------+--------+-------+-----+
|Total            |        0|      0|     459|   1829|    0|
+-----------------+---------+-------+--------+-------+-----+
|Available        |      432|    360|  141120|  70560|    0|
+-----------------+---------+-------+--------+-------+-----+
|Utilization (%)  |        0|      0|   ~0   |      2|    0|
+-----------------+---------+-------+--------+-------+-----+

+ Detail: 
    * Instance: 
    +--------------------------+----------------------+---------+-------+-----+-----+-----+
    |         Instance         |        Module        | BRAM_18K| DSP48E|  FF | LUT | URAM|
    +--------------------------+----------------------+---------+-------+-----+-----+-----+
    |sobel_accel_sitodtde_U80  |sobel_accel_sitodtde  |        0|      0|  260|  415|    0|
    +--------------------------+----------------------+---------+-------+-----+-----+-----+
    |Total                     |                      |        0|      0|  260|  415|    0|
    +--------------------------+----------------------+---------+-------+-----+-----+-----+

    * DSP48E: 
    N/A

    * Memory: 
    N/A

    * FIFO: 
    N/A

    * Expression: 
    +-----------------------------------+----------+-------+---+-----+------------+------------+
    |           Variable Name           | Operation| DSP48E| FF| LUT | Bitwidth P0| Bitwidth P1|
    +-----------------------------------+----------+-------+---+-----+------------+------------+
    |add_ln591_fu_363_p2                |     +    |      0|  0|   19|           2|          12|
    |i_fu_180_p2                        |     +    |      0|  0|   18|          11|           1|
    |j_fu_192_p2                        |     +    |      0|  0|   18|          11|           1|
    |p_Val2_15_fu_401_p2                |     +    |      0|  0|   15|           8|           8|
    |pos1_fu_525_p2                     |     +    |      0|  0|   19|           4|          12|
    |pos2_fu_535_p2                     |     +    |      0|  0|   19|           4|          12|
    |F2_fu_263_p2                       |     -    |      0|  0|   19|          11|          12|
    |sub_ln581_fu_275_p2                |     -    |      0|  0|   19|           1|          12|
    |Range1_all_ones_1_fu_585_p2        |    and   |      0|  0|    2|           1|           1|
    |Range1_all_ones_fu_653_p2          |    and   |      0|  0|    2|           1|           1|
    |and_ln403_1_fu_461_p2              |    and   |      0|  0|    2|           1|           1|
    |and_ln403_fu_441_p2                |    and   |      0|  0|    2|           1|           1|
    |and_ln428_1_fu_773_p2              |    and   |      0|  0|    2|           1|           1|
    |and_ln428_fu_235_p2                |    and   |      0|  0|    2|           1|           1|
    |and_ln571_fu_785_p2                |    and   |      0|  0|    2|           1|           1|
    |and_ln581_fu_435_p2                |    and   |      0|  0|    2|           1|           1|
    |and_ln603_1_fu_513_p2              |    and   |      0|  0|    2|           1|           1|
    |and_ln603_2_fu_519_p2              |    and   |      0|  0|    2|           1|           1|
    |and_ln603_fu_487_p2                |    and   |      0|  0|    2|           1|           1|
    |and_ln621_fu_579_p2                |    and   |      0|  0|    2|           1|           1|
    |and_ln631_fu_611_p2                |    and   |      0|  0|    2|           1|           1|
    |and_ln639_fu_647_p2                |    and   |      0|  0|    2|           1|           1|
    |and_ln641_fu_671_p2                |    and   |      0|  0|    2|           1|           1|
    |and_ln642_fu_707_p2                |    and   |      0|  0|    2|           1|           1|
    |ap_block_state10_pp0_stage0_iter7  |    and   |      0|  0|    2|           1|           1|
    |ap_block_state4_pp0_stage0_iter1   |    and   |      0|  0|    2|           1|           1|
    |ashr_ln586_fu_333_p2               |   ashr   |      0|  0|  167|          54|          54|
    |ashr_ln623_fu_569_p2               |   ashr   |      0|  0|  167|          54|          54|
    |Range1_all_zeros_1_fu_683_p2       |   icmp   |      0|  0|   29|          54|           1|
    |Range2_all_ones_fu_633_p2          |   icmp   |      0|  0|   29|          54|          54|
    |icmp_ln2526_fu_174_p2              |   icmp   |      0|  0|   13|          11|          11|
    |icmp_ln2527_fu_186_p2              |   icmp   |      0|  0|   13|          11|           9|
    |icmp_ln571_fu_257_p2               |   icmp   |      0|  0|   29|          63|           1|
    |icmp_ln581_fu_269_p2               |   icmp   |      0|  0|   13|          12|           1|
    |icmp_ln582_fu_297_p2               |   icmp   |      0|  0|   13|          11|          11|
    |icmp_ln585_fu_307_p2               |   icmp   |      0|  0|   13|          12|           6|
    |icmp_ln591_fu_357_p2               |   icmp   |      0|  0|   13|          12|           6|
    |icmp_ln603_fu_323_p2               |   icmp   |      0|  0|   13|           9|           1|
    |icmp_ln621_fu_545_p2               |   icmp   |      0|  0|   13|          12|           6|
    |icmp_ln631_fu_605_p2               |   icmp   |      0|  0|   13|          12|           6|
    |icmp_ln641_fu_659_p2               |   icmp   |      0|  0|   29|          54|           1|
    |icmp_ln642_fu_677_p2               |   icmp   |      0|  0|   13|          12|           6|
    |icmp_ln833_fu_223_p2               |   icmp   |      0|  0|   13|          11|           2|
    |icmp_ln837_fu_229_p2               |   icmp   |      0|  0|   29|          52|           1|
    |Range2_V_1_fu_621_p2               |   lshr   |      0|  0|  167|          54|          54|
    |r_V_fu_627_p2                      |   lshr   |      0|  0|  167|           2|          54|
    |ap_block_pp0_stage0_01001          |    or    |      0|  0|    2|           1|           1|
    |ap_block_state1                    |    or    |      0|  0|    2|           1|           1|
    |or_ln571_1_fu_805_p2               |    or    |      0|  0|    2|           1|           1|
    |or_ln571_fu_791_p2                 |    or    |      0|  0|    2|           1|           1|
    |or_ln581_fu_475_p2                 |    or    |      0|  0|    2|           1|           1|
    |or_ln603_fu_507_p2                 |    or    |      0|  0|    2|           1|           1|
    |or_ln639_fu_701_p2                 |    or    |      0|  0|    2|           1|           1|
    |or_ln645_fu_689_p2                 |    or    |      0|  0|    2|           1|           1|
    |or_ln658_fu_759_p2                 |    or    |      0|  0|    2|           1|           1|
    |F2_2_fu_281_p3                     |  select  |      0|  0|   12|           1|          12|
    |deleted_zeros_fu_745_p3            |  select  |      0|  0|    2|           1|           1|
    |p_Val2_14_fu_349_p3                |  select  |      0|  0|    8|           1|           8|
    |p_Val2_16_fu_493_p3                |  select  |      0|  0|    8|           1|           8|
    |qb_fu_381_p3                       |  select  |      0|  0|    2|           1|           1|
    |select_ln340_fu_765_p3             |  select  |      0|  0|    8|           1|           8|
    |select_ln403_1_fu_467_p3           |  select  |      0|  0|    8|           1|           8|
    |select_ln403_fu_447_p3             |  select  |      0|  0|    8|           1|           8|
    |select_ln571_fu_797_p3             |  select  |      0|  0|    8|           1|           1|
    |select_ln582_fu_421_p3             |  select  |      0|  0|    8|           1|           8|
    |select_ln631_fu_639_p3             |  select  |      0|  0|    2|           1|           1|
    |select_ln639_1_fu_737_p3           |  select  |      0|  0|    2|           1|           1|
    |select_ln639_fu_721_p3             |  select  |      0|  0|    2|           1|           1|
    |select_ln642_1_fu_729_p3           |  select  |      0|  0|    2|           1|           1|
    |select_ln642_fu_713_p3             |  select  |      0|  0|    2|           1|           1|
    |tmp_55_fu_817_p3                   |  select  |      0|  0|    8|           1|           8|
    |shl_ln604_fu_343_p2                |    shl   |      0|  0|   18|           8|           8|
    |Range1_all_zeros_fu_665_p2         |    xor   |      0|  0|    2|           2|           1|
    |ap_enable_pp0                      |    xor   |      0|  0|    2|           1|           2|
    |ap_enable_reg_pp0_iter1            |    xor   |      0|  0|    2|           2|           1|
    |xor_ln403_fu_455_p2                |    xor   |      0|  0|    2|           1|           2|
    |xor_ln416_fu_415_p2                |    xor   |      0|  0|    2|           1|           2|
    |xor_ln428_fu_779_p2                |    xor   |      0|  0|    2|           2|           1|
    |xor_ln571_fu_811_p2                |    xor   |      0|  0|    2|           1|           2|
    |xor_ln581_fu_481_p2                |    xor   |      0|  0|    2|           1|           2|
    |xor_ln582_fu_429_p2                |    xor   |      0|  0|    2|           1|           2|
    |xor_ln603_fu_501_p2                |    xor   |      0|  0|    2|           1|           2|
    |xor_ln621_1_fu_559_p2              |    xor   |      0|  0|    2|           1|           2|
    |xor_ln621_fu_753_p2                |    xor   |      0|  0|    2|           1|           2|
    |xor_ln631_fu_599_p2                |    xor   |      0|  0|    2|           1|           2|
    |xor_ln639_1_fu_695_p2              |    xor   |      0|  0|    2|           1|           2|
    +-----------------------------------+----------+-------+---+-----+------------+------------+
    |Total                              |          |      0|  0| 1292|         686|         545|
    +-----------------------------------+----------+-------+---+-----+------------+------------+

    * Multiplexer: 
    +---------------------------+----+-----------+-----+-----------+
    |            Name           | LUT| Input Size| Bits| Total Bits|
    +---------------------------+----+-----------+-----+-----------+
    |ap_NS_fsm                  |  27|          5|    1|          5|
    |ap_done                    |   9|          2|    1|          2|
    |ap_enable_reg_pp0_iter1    |   9|          2|    1|          2|
    |ap_enable_reg_pp0_iter7    |   9|          2|    1|          2|
    |i_0_reg_149                |   9|          2|   11|         22|
    |j_0_reg_160                |   9|          2|   11|         22|
    |p_dst_data_stream_V_blk_n  |   9|          2|    1|          2|
    |p_src_data_stream_V_blk_n  |   9|          2|    1|          2|
    +---------------------------+----+-----------+-----+-----------+
    |Total                      |  90|         19|   28|         59|
    +---------------------------+----+-----------+-----+-----------+

    * Register: 
    +-------------------------+----+----+-----+-----------+
    |           Name          | FF | LUT| Bits| Const Bits|
    +-------------------------+----+----+-----+-----------+
    |ap_CS_fsm                |   4|   0|    4|          0|
    |ap_done_reg              |   1|   0|    1|          0|
    |ap_enable_reg_pp0_iter0  |   1|   0|    1|          0|
    |ap_enable_reg_pp0_iter1  |   1|   0|    1|          0|
    |ap_enable_reg_pp0_iter2  |   1|   0|    1|          0|
    |ap_enable_reg_pp0_iter3  |   1|   0|    1|          0|
    |ap_enable_reg_pp0_iter4  |   1|   0|    1|          0|
    |ap_enable_reg_pp0_iter5  |   1|   0|    1|          0|
    |ap_enable_reg_pp0_iter6  |   1|   0|    1|          0|
    |ap_enable_reg_pp0_iter7  |   1|   0|    1|          0|
    |i_0_reg_149              |  11|   0|   11|          0|
    |i_reg_829                |  11|   0|   11|          0|
    |icmp_ln2527_reg_834      |   1|   0|    1|          0|
    |j_0_reg_160              |  11|   0|   11|          0|
    |tmp_55_reg_858           |   8|   0|    8|          0|
    |tmp_reg_843              |  16|   0|   16|          0|
    |x_assign_reg_853         |  64|   0|   64|          0|
    |icmp_ln2527_reg_834      |  64|  32|    1|          0|
    +-------------------------+----+----+-----+-----------+
    |Total                    | 199|  32|  136|          0|
    +-------------------------+----+----+-----+-----------+



================================================================
== Interface
================================================================
* Summary: 
+-----------------------------+-----+-----+------------+---------------------+--------------+
|          RTL Ports          | Dir | Bits|  Protocol  |    Source Object    |    C Type    |
+-----------------------------+-----+-----+------------+---------------------+--------------+
|ap_clk                       |  in |    1| ap_ctrl_hs |  ConvertScaleAbs273 | return value |
|ap_rst                       |  in |    1| ap_ctrl_hs |  ConvertScaleAbs273 | return value |
|ap_start                     |  in |    1| ap_ctrl_hs |  ConvertScaleAbs273 | return value |
|ap_done                      | out |    1| ap_ctrl_hs |  ConvertScaleAbs273 | return value |
|ap_continue                  |  in |    1| ap_ctrl_hs |  ConvertScaleAbs273 | return value |
|ap_idle                      | out |    1| ap_ctrl_hs |  ConvertScaleAbs273 | return value |
|ap_ready                     | out |    1| ap_ctrl_hs |  ConvertScaleAbs273 | return value |
|p_src_data_stream_V_dout     |  in |   16|   ap_fifo  | p_src_data_stream_V |    pointer   |
|p_src_data_stream_V_empty_n  |  in |    1|   ap_fifo  | p_src_data_stream_V |    pointer   |
|p_src_data_stream_V_read     | out |    1|   ap_fifo  | p_src_data_stream_V |    pointer   |
|p_dst_data_stream_V_din      | out |    8|   ap_fifo  | p_dst_data_stream_V |    pointer   |
|p_dst_data_stream_V_full_n   |  in |    1|   ap_fifo  | p_dst_data_stream_V |    pointer   |
|p_dst_data_stream_V_write    | out |    1|   ap_fifo  | p_dst_data_stream_V |    pointer   |
+-----------------------------+-----+-----+------------+---------------------+--------------+

