

================================================================
== Vivado HLS Report for 'Filter2D'
================================================================
* Date:           Wed Jun  3 20:20:42 2020

* Version:        2019.1 (Build 2552052 on Fri May 24 15:28:33 MDT 2019)
* Project:        sobel_edge
* Solution:       solution1
* Product family: zynquplus
* Target device:  xczu3eg-sbva484-1-e


================================================================
== Performance Estimates
================================================================
+ Timing (ns): 
    * Summary: 
    +--------+-------+----------+------------+
    |  Clock | Target| Estimated| Uncertainty|
    +--------+-------+----------+------------+
    |ap_clk  |  10.00|     7.869|        1.25|
    +--------+-------+----------+------------+

+ Latency (clock cycles): 
    * Summary: 
    +---------+---------+---------+---------+---------+
    |      Latency      |      Interval     | Pipeline|
    |   min   |   max   |   min   |   max   |   Type  |
    +---------+---------+---------+---------+---------+
    |  2083933|  2083933|  2083933|  2083933|   none  |
    +---------+---------+---------+---------+---------+

    + Detail: 
        * Instance: 
        N/A

        * Loop: 
        +---------------+---------+---------+----------+-----------+-----------+------+----------+
        |               |      Latency      | Iteration|  Initiation Interval  | Trip |          |
        |   Loop Name   |   min   |   max   |  Latency |  achieved |   target  | Count| Pipelined|
        +---------------+---------+---------+----------+-----------+-----------+------+----------+
        |- loop_height  |  2083932|  2083932|      1926|          -|          -|  1082|    no    |
        | + loop_width  |     1923|     1923|         3|          1|          1|  1922|    yes   |
        +---------------+---------+---------+----------+-----------+-----------+------+----------+



================================================================
== Utilization Estimates
================================================================
* Summary: 
+-----------------+---------+-------+--------+-------+-----+
|       Name      | BRAM_18K| DSP48E|   FF   |  LUT  | URAM|
+-----------------+---------+-------+--------+-------+-----+
|DSP              |        -|      4|       -|      -|    -|
|Expression       |        -|      0|       0|    810|    -|
|FIFO             |        -|      -|       -|      -|    -|
|Instance         |        -|      -|       0|     90|    -|
|Memory           |        3|      -|       0|      0|    0|
|Multiplexer      |        -|      -|       -|    117|    -|
|Register         |        -|      -|     265|      -|    -|
+-----------------+---------+-------+--------+-------+-----+
|Total            |        3|      4|     265|   1017|    0|
+-----------------+---------+-------+--------+-------+-----+
|Available        |      432|    360|  141120|  70560|    0|
+-----------------+---------+-------+--------+-------+-----+
|Utilization (%)  |    ~0   |      1|   ~0   |      1|    0|
+-----------------+---------+-------+--------+-------+-----+

+ Detail: 
    * Instance: 
    +--------------------------+----------------------+---------+-------+---+----+-----+
    |         Instance         |        Module        | BRAM_18K| DSP48E| FF| LUT| URAM|
    +--------------------------+----------------------+---------+-------+---+----+-----+
    |sobel_accel_mux_3hbi_U54  |sobel_accel_mux_3hbi  |        0|      0|  0|  15|    0|
    |sobel_accel_mux_3hbi_U55  |sobel_accel_mux_3hbi  |        0|      0|  0|  15|    0|
    |sobel_accel_mux_3hbi_U56  |sobel_accel_mux_3hbi  |        0|      0|  0|  15|    0|
    |sobel_accel_mux_3hbi_U57  |sobel_accel_mux_3hbi  |        0|      0|  0|  15|    0|
    |sobel_accel_mux_3hbi_U58  |sobel_accel_mux_3hbi  |        0|      0|  0|  15|    0|
    |sobel_accel_mux_3hbi_U59  |sobel_accel_mux_3hbi  |        0|      0|  0|  15|    0|
    +--------------------------+----------------------+---------+-------+---+----+-----+
    |Total                     |                      |        0|      0|  0|  90|    0|
    +--------------------------+----------------------+---------+-------+---+----+-----+

    * DSP48E: 
    +--------------------------+----------------------+--------------+
    |         Instance         |        Module        |  Expression  |
    +--------------------------+----------------------+--------------+
    |sobel_accel_mac_mpcA_U60  |sobel_accel_mac_mpcA  | i0 * i1 + i2 |
    |sobel_accel_mac_mqcK_U61  |sobel_accel_mac_mqcK  | i0 + i1 * i2 |
    |sobel_accel_mac_mrcU_U62  |sobel_accel_mac_mrcU  | i0 + i1 * i2 |
    |sobel_accel_mac_msc4_U63  |sobel_accel_mac_msc4  | i0 + i1 * i2 |
    +--------------------------+----------------------+--------------+

    * Memory: 
    +-----------------+----------------------+---------+---+----+-----+------+-----+------+-------------+
    |      Memory     |        Module        | BRAM_18K| FF| LUT| URAM| Words| Bits| Banks| W*Bits*Banks|
    +-----------------+----------------------+---------+---+----+-----+------+-----+------+-------------+
    |k_buf_0_val_3_U  |Filter2D_1_k_buf_eOg  |        1|  0|   0|    0|  1920|    8|     1|        15360|
    |k_buf_0_val_4_U  |Filter2D_1_k_buf_eOg  |        1|  0|   0|    0|  1920|    8|     1|        15360|
    |k_buf_0_val_5_U  |Filter2D_1_k_buf_eOg  |        1|  0|   0|    0|  1920|    8|     1|        15360|
    +-----------------+----------------------+---------+---+----+-----+------+-----+------+-------------+
    |Total            |                      |        3|  0|   0|    0|  5760|   24|     3|        46080|
    +-----------------+----------------------+---------+---+----+-----+------+-----+------+-------------+

    * FIFO: 
    N/A

    * Expression: 
    +-----------------------------------+----------+-------+---+----+------------+------------+
    |           Variable Name           | Operation| DSP48E| FF| LUT| Bitwidth P0| Bitwidth P1|
    +-----------------------------------+----------+-------+---+----+------------+------------+
    |mul_ln1118_4_fu_1064_p2            |     *    |      0|  0|  40|           8|           2|
    |mul_ln1118_5_fu_1077_p2            |     *    |      0|  0|  40|           8|           3|
    |ImagLoc_x_fu_676_p2                |     +    |      0|  0|  19|           2|          12|
    |add_ln118_fu_606_p2                |     +    |      0|  0|   9|           1|           2|
    |add_ln506_1_fu_482_p2              |     +    |      0|  0|  19|           3|          12|
    |add_ln506_2_fu_508_p2              |     +    |      0|  0|  19|           3|          12|
    |add_ln506_fu_418_p2                |     +    |      0|  0|  19|           2|          12|
    |add_ln507_fu_548_p2                |     +    |      0|  0|   9|           2|           2|
    |add_ln703_5_fu_1086_p2             |     +    |      0|  0|  18|          11|          11|
    |add_ln703_6_fu_1096_p2             |     +    |      0|  0|  20|          12|          12|
    |add_ln703_8_fu_1121_p2             |     +    |      0|  0|  20|          12|          12|
    |add_ln703_9_fu_1126_p2             |     +    |      0|  0|  17|          10|          10|
    |i_V_fu_362_p2                      |     +    |      0|  0|  18|          11|           1|
    |j_V_fu_654_p2                      |     +    |      0|  0|  18|          11|           1|
    |p_Val2_5_fu_1136_p2                |     +    |      0|  0|  20|          12|          12|
    |p_Val2_s_fu_1107_p2                |     +    |      0|  0|  20|          12|          12|
    |sub_ln1118_fu_1000_p2              |     -    |      0|  0|  16|           1|           9|
    |sub_ln118_fu_574_p2                |     -    |      0|  0|  11|           3|           2|
    |sub_ln142_2_fu_720_p2              |     -    |      0|  0|  19|           1|          12|
    |sub_ln142_fu_458_p2                |     -    |      0|  0|  19|           1|          12|
    |sub_ln147_fu_748_p2                |     -    |      0|  0|  20|          12|          13|
    |sub_ln507_fu_534_p2                |     -    |      0|  0|  11|           3|           2|
    |and_ln118_1_fu_444_p2              |    and   |      0|  0|   2|           1|           1|
    |and_ln118_fu_706_p2                |    and   |      0|  0|   2|           1|           1|
    |and_ln144_fu_778_p2                |    and   |      0|  0|   2|           1|           1|
    |and_ln512_fu_812_p2                |    and   |      0|  0|   2|           1|           1|
    |and_ln786_fu_1180_p2               |    and   |      0|  0|   2|           1|           1|
    |ap_block_pp0                       |    and   |      0|  0|   2|           1|           1|
    |ap_block_state5_pp0_stage0_iter2   |    and   |      0|  0|   2|           1|           1|
    |ap_condition_947                   |    and   |      0|  0|   2|           1|           1|
    |ap_enable_state3_pp0_iter0_stage0  |    and   |      0|  0|   2|           1|           1|
    |ap_enable_state4_pp0_iter1_stage0  |    and   |      0|  0|   2|           1|           1|
    |ap_predicate_op158_read_state4     |    and   |      0|  0|   2|           1|           1|
    |ap_predicate_op159_store_state4    |    and   |      0|  0|   2|           1|           1|
    |ap_predicate_op161_store_state4    |    and   |      0|  0|   2|           1|           1|
    |ap_predicate_op167_store_state4    |    and   |      0|  0|   2|           1|           1|
    |overflow_fu_1174_p2                |    and   |      0|  0|   2|           1|           1|
    |underflow_fu_1192_p2               |    and   |      0|  0|   2|           1|           1|
    |icmp_ln118_1_fu_700_p2             |   icmp   |      0|  0|  13|          12|          11|
    |icmp_ln118_fu_438_p2               |   icmp   |      0|  0|  13|          12|          11|
    |icmp_ln144_1_fu_472_p2             |   icmp   |      0|  0|  13|          12|          11|
    |icmp_ln144_fu_742_p2               |   icmp   |      0|  0|  13|          12|          11|
    |icmp_ln443_fu_356_p2               |   icmp   |      0|  0|  13|          11|          11|
    |icmp_ln444_fu_648_p2               |   icmp   |      0|  0|  13|          11|           8|
    |icmp_ln879_1_fu_402_p2             |   icmp   |      0|  0|  13|          11|           1|
    |icmp_ln879_fu_396_p2               |   icmp   |      0|  0|  13|          11|           1|
    |icmp_ln887_fu_368_p2               |   icmp   |      0|  0|  13|          11|          11|
    |icmp_ln891_fu_670_p2               |   icmp   |      0|  0|  13|          10|           1|
    |icmp_ln899_1_fu_408_p2             |   icmp   |      0|  0|  13|          11|          11|
    |icmp_ln899_fu_390_p2               |   icmp   |      0|  0|  13|          10|           1|
    |ap_block_pp0_stage0_01001          |    or    |      0|  0|   2|           1|           1|
    |ap_block_state4_pp0_stage0_iter1   |    or    |      0|  0|   2|           1|           1|
    |or_ln118_fu_772_p2                 |    or    |      0|  0|   2|           1|           1|
    |or_ln340_1_fu_1204_p2              |    or    |      0|  0|   2|           1|           1|
    |or_ln340_fu_1198_p2                |    or    |      0|  0|   2|           1|           1|
    |or_ln457_fu_800_p2                 |    or    |      0|  0|   2|           1|           1|
    |or_ln785_fu_1162_p2                |    or    |      0|  0|   2|           1|           1|
    |col_buf_0_val_0_0_fu_852_p3        |  select  |      0|  0|   8|           1|           8|
    |col_buf_0_val_1_0_fu_871_p3        |  select  |      0|  0|   8|           1|           8|
    |col_buf_0_val_2_0_fu_890_p3        |  select  |      0|  0|   8|           1|           8|
    |p_dst_data_stream_V_din            |  select  |      0|  0|  16|           1|          16|
    |select_ln118_1_fu_630_p3           |  select  |      0|  0|   2|           1|           2|
    |select_ln118_3_fu_754_p3           |  select  |      0|  0|  13|           1|          13|
    |select_ln118_fu_592_p3             |  select  |      0|  0|   2|           1|           2|
    |select_ln139_1_fu_464_p3           |  select  |      0|  0|  12|           1|          12|
    |select_ln139_4_fu_584_p3           |  select  |      0|  0|   2|           1|           2|
    |select_ln139_5_fu_622_p3           |  select  |      0|  0|   2|           1|           2|
    |select_ln139_fu_726_p3             |  select  |      0|  0|  12|           1|          12|
    |select_ln340_fu_1210_p3            |  select  |      0|  0|  16|           1|          15|
    |select_ln388_fu_1218_p3            |  select  |      0|  0|  17|           1|          17|
    |select_ln507_1_fu_554_p3           |  select  |      0|  0|   2|           1|           2|
    |select_ln507_fu_540_p3             |  select  |      0|  0|   2|           1|           2|
    |src_kernel_win_0_va_23_fu_944_p3   |  select  |      0|  0|   8|           1|           8|
    |src_kernel_win_0_va_24_fu_962_p3   |  select  |      0|  0|   8|           1|           8|
    |src_kernel_win_0_va_25_fu_980_p3   |  select  |      0|  0|   8|           1|           8|
    |x_fu_784_p3                        |  select  |      0|  0|  14|           1|          14|
    |ap_enable_pp0                      |    xor   |      0|  0|   2|           1|           2|
    |xor_ln118_1_fu_568_p2              |    xor   |      0|  0|   3|           2|           3|
    |xor_ln118_6_fu_432_p2              |    xor   |      0|  0|   2|           1|           2|
    |xor_ln118_7_fu_612_p2              |    xor   |      0|  0|   2|           2|           2|
    |xor_ln118_8_fu_694_p2              |    xor   |      0|  0|   2|           1|           2|
    |xor_ln118_9_fu_766_p2              |    xor   |      0|  0|   2|           1|           2|
    |xor_ln457_fu_374_p2                |    xor   |      0|  0|   2|           1|           2|
    |xor_ln493_1_fu_562_p2              |    xor   |      0|  0|   2|           2|           2|
    |xor_ln493_2_fu_600_p2              |    xor   |      0|  0|   2|           2|           2|
    |xor_ln493_3_fu_638_p2              |    xor   |      0|  0|   2|           2|           2|
    |xor_ln493_fu_835_p2                |    xor   |      0|  0|   2|           2|           2|
    |xor_ln785_fu_1168_p2               |    xor   |      0|  0|   2|           1|           2|
    |xor_ln786_fu_1186_p2               |    xor   |      0|  0|   2|           2|           1|
    +-----------------------------------+----------+-------+---+----+------------+------------+
    |Total                              |          |      0|  0| 810|         337|         475|
    +-----------------------------------+----------+-------+---+----+------------+------------+

    * Multiplexer: 
    +---------------------------+----+-----------+-----+-----------+
    |            Name           | LUT| Input Size| Bits| Total Bits|
    +---------------------------+----+-----------+-----+-----------+
    |ap_NS_fsm                  |  27|          5|    1|          5|
    |ap_enable_reg_pp0_iter1    |   9|          2|    1|          2|
    |ap_enable_reg_pp0_iter2    |  15|          3|    1|          3|
    |k_buf_0_val_4_d1           |  15|          3|    8|         24|
    |k_buf_0_val_5_d1           |  15|          3|    8|         24|
    |p_dst_data_stream_V_blk_n  |   9|          2|    1|          2|
    |p_src_data_stream_V_blk_n  |   9|          2|    1|          2|
    |t_V_2_reg_317              |   9|          2|   11|         22|
    |t_V_reg_306                |   9|          2|   11|         22|
    +---------------------------+----+-----------+-----+-----------+
    |Total                      | 117|         24|   43|        106|
    +---------------------------+----+-----------+-----+-----------+

    * Register: 
    +-----------------------------------+----+----+-----+-----------+
    |                Name               | FF | LUT| Bits| Const Bits|
    +-----------------------------------+----+----+-----+-----------+
    |add_ln703_2_reg_1495               |  12|   0|   12|          0|
    |and_ln118_reg_1445                 |   1|   0|    1|          0|
    |and_ln512_reg_1479                 |   1|   0|    1|          0|
    |and_ln512_reg_1479_pp0_iter1_reg   |   1|   0|    1|          0|
    |ap_CS_fsm                          |   4|   0|    4|          0|
    |ap_enable_reg_pp0_iter0            |   1|   0|    1|          0|
    |ap_enable_reg_pp0_iter1            |   1|   0|    1|          0|
    |ap_enable_reg_pp0_iter2            |   1|   0|    1|          0|
    |i_V_reg_1387                       |  11|   0|   11|          0|
    |icmp_ln444_reg_1436                |   1|   0|    1|          0|
    |icmp_ln444_reg_1436_pp0_iter1_reg  |   1|   0|    1|          0|
    |icmp_ln879_1_reg_1410              |   1|   0|    1|          0|
    |icmp_ln879_reg_1406                |   1|   0|    1|          0|
    |icmp_ln887_reg_1392                |   1|   0|    1|          0|
    |icmp_ln899_1_reg_1414              |   1|   0|    1|          0|
    |icmp_ln899_reg_1401                |   1|   0|    1|          0|
    |k_buf_0_val_3_addr_reg_1461        |  11|   0|   11|          0|
    |k_buf_0_val_4_addr_reg_1467        |  11|   0|   11|          0|
    |k_buf_0_val_5_addr_reg_1473        |  11|   0|   11|          0|
    |or_ln457_reg_1454                  |   1|   0|    1|          0|
    |right_border_buf_0_14_fu_172       |   8|   0|    8|          0|
    |right_border_buf_0_15_fu_176       |   8|   0|    8|          0|
    |right_border_buf_0_16_fu_180       |   8|   0|    8|          0|
    |right_border_buf_0_17_fu_184       |   8|   0|    8|          0|
    |right_border_buf_0_18_fu_188       |   8|   0|    8|          0|
    |right_border_buf_0_s_fu_168        |   8|   0|    8|          0|
    |sext_ln1118_1_reg_1358             |  10|   0|   10|          0|
    |sext_ln1118_2_reg_1363             |  11|   0|   11|          0|
    |sext_ln1118_3_reg_1373             |  10|   0|   10|          0|
    |sext_ln1118_reg_1353               |  10|   0|   10|          0|
    |src_kernel_win_0_va_18_fu_148      |   8|   0|    8|          0|
    |src_kernel_win_0_va_19_fu_152      |   8|   0|    8|          0|
    |src_kernel_win_0_va_20_fu_156      |   8|   0|    8|          0|
    |src_kernel_win_0_va_21_fu_160      |   8|   0|    8|          0|
    |src_kernel_win_0_va_22_fu_164      |   8|   0|    8|          0|
    |src_kernel_win_0_va_23_reg_1483    |   8|   0|    8|          0|
    |src_kernel_win_0_va_24_reg_1490    |   8|   0|    8|          0|
    |src_kernel_win_0_va_fu_144         |   8|   0|    8|          0|
    |t_V_2_reg_317                      |  11|   0|   11|          0|
    |t_V_reg_306                        |  11|   0|   11|          0|
    |trunc_ln458_reg_1449               |   2|   0|    2|          0|
    |xor_ln457_reg_1396                 |   1|   0|    1|          0|
    |xor_ln493_1_reg_1421               |   2|   0|    2|          0|
    |xor_ln493_2_reg_1426               |   2|   0|    2|          0|
    |xor_ln493_3_reg_1431               |   2|   0|    2|          0|
    |zext_ln1118_4_reg_1368             |   4|   0|   12|          8|
    |zext_ln1118_5_reg_1378             |   3|   0|   11|          8|
    +-----------------------------------+----+----+-----+-----------+
    |Total                              | 265|   0|  281|         16|
    +-----------------------------------+----+----+-----+-----------+



================================================================
== Interface
================================================================
* Summary: 
+-----------------------------+-----+-----+------------+-------------------------+--------------+
|          RTL Ports          | Dir | Bits|  Protocol  |      Source Object      |    C Type    |
+-----------------------------+-----+-----+------------+-------------------------+--------------+
|ap_clk                       |  in |    1| ap_ctrl_hs |         Filter2D        | return value |
|ap_rst                       |  in |    1| ap_ctrl_hs |         Filter2D        | return value |
|ap_start                     |  in |    1| ap_ctrl_hs |         Filter2D        | return value |
|ap_done                      | out |    1| ap_ctrl_hs |         Filter2D        | return value |
|ap_idle                      | out |    1| ap_ctrl_hs |         Filter2D        | return value |
|ap_ready                     | out |    1| ap_ctrl_hs |         Filter2D        | return value |
|p_src_data_stream_V_dout     |  in |    8|   ap_fifo  |   p_src_data_stream_V   |    pointer   |
|p_src_data_stream_V_empty_n  |  in |    1|   ap_fifo  |   p_src_data_stream_V   |    pointer   |
|p_src_data_stream_V_read     | out |    1|   ap_fifo  |   p_src_data_stream_V   |    pointer   |
|p_dst_data_stream_V_din      | out |   16|   ap_fifo  |   p_dst_data_stream_V   |    pointer   |
|p_dst_data_stream_V_full_n   |  in |    1|   ap_fifo  |   p_dst_data_stream_V   |    pointer   |
|p_dst_data_stream_V_write    | out |    1|   ap_fifo  |   p_dst_data_stream_V   |    pointer   |
|p_kernel_val_0_V_1_read      |  in |    2|   ap_none  | p_kernel_val_0_V_1_read |    scalar    |
|p_kernel_val_0_V_2_read      |  in |    2|   ap_none  | p_kernel_val_0_V_2_read |    scalar    |
|p_kernel_val_1_V_0_read      |  in |    3|   ap_none  | p_kernel_val_1_V_0_read |    scalar    |
|p_kernel_val_1_V_2_read      |  in |    4|   ap_none  | p_kernel_val_1_V_2_read |    scalar    |
|p_kernel_val_2_V_0_read      |  in |    2|   ap_none  | p_kernel_val_2_V_0_read |    scalar    |
|p_kernel_val_2_V_1_read      |  in |    3|   ap_none  | p_kernel_val_2_V_1_read |    scalar    |
+-----------------------------+-----+-----+------------+-------------------------+--------------+

