Copyright 1986-2019 Xilinx, Inc. All Rights Reserved.
-----------------------------------------------------------------------------------------------------------------------------
| Tool Version : Vivado v.2019.1 (win64) Build 2552052 Fri May 24 14:49:42 MDT 2019
| Date         : Fri Aug 21 21:49:31 2020
| Host         : DESKTOP-115548F running 64-bit major release  (build 9200)
| Command      : report_utilization -file design_1_wrapper_utilization_placed.rpt -pb design_1_wrapper_utilization_placed.pb
| Design       : design_1_wrapper
| Device       : xczu3egsbva484-1
| Design State : Fully Placed
-----------------------------------------------------------------------------------------------------------------------------

Utilization Design Information

Table of Contents
-----------------
1. CLB Logic
1.1 Summary of Registers by Type
2. CLB Logic Distribution
3. BLOCKRAM
4. ARITHMETIC
5. I/O
6. CLOCK
7. ADVANCED
8. CONFIGURATION
9. Primitives
10. Black Boxes
11. Instantiated Netlists

1. CLB Logic
------------

+----------------------------+-------+-------+-----------+-------+
|          Site Type         |  Used | Fixed | Available | Util% |
+----------------------------+-------+-------+-----------+-------+
| CLB LUTs                   | 16002 |     0 |     70560 | 22.68 |
|   LUT as Logic             | 14519 |     0 |     70560 | 20.58 |
|   LUT as Memory            |  1483 |     0 |     28800 |  5.15 |
|     LUT as Distributed RAM |  1012 |     0 |           |       |
|     LUT as Shift Register  |   471 |     0 |           |       |
| CLB Registers              | 19040 |     0 |    141120 | 13.49 |
|   Register as Flip Flop    | 19040 |     0 |    141120 | 13.49 |
|   Register as Latch        |     0 |     0 |    141120 |  0.00 |
| CARRY8                     |   280 |     0 |      8820 |  3.17 |
| F7 Muxes                   |    82 |     0 |     35280 |  0.23 |
| F8 Muxes                   |     6 |     0 |     17640 |  0.03 |
| F9 Muxes                   |     0 |     0 |      8820 |  0.00 |
+----------------------------+-------+-------+-----------+-------+


1.1 Summary of Registers by Type
--------------------------------

+-------+--------------+-------------+--------------+
| Total | Clock Enable | Synchronous | Asynchronous |
+-------+--------------+-------------+--------------+
| 0     |            _ |           - |            - |
| 0     |            _ |           - |          Set |
| 0     |            _ |           - |        Reset |
| 0     |            _ |         Set |            - |
| 0     |            _ |       Reset |            - |
| 0     |          Yes |           - |            - |
| 33    |          Yes |           - |          Set |
| 69    |          Yes |           - |        Reset |
| 563   |          Yes |         Set |            - |
| 18375 |          Yes |       Reset |            - |
+-------+--------------+-------------+--------------+


2. CLB Logic Distribution
-------------------------

+--------------------------------------------+-------+-------+-----------+-------+
|                  Site Type                 |  Used | Fixed | Available | Util% |
+--------------------------------------------+-------+-------+-----------+-------+
| CLB                                        |  3073 |     0 |      8820 | 34.84 |
|   CLBL                                     |  1976 |     0 |           |       |
|   CLBM                                     |  1097 |     0 |           |       |
| LUT as Logic                               | 14519 |     0 |     70560 | 20.58 |
|   using O5 output only                     |   524 |       |           |       |
|   using O6 output only                     | 10620 |       |           |       |
|   using O5 and O6                          |  3375 |       |           |       |
| LUT as Memory                              |  1483 |     0 |     28800 |  5.15 |
|   LUT as Distributed RAM                   |  1012 |     0 |           |       |
|     using O5 output only                   |     0 |       |           |       |
|     using O6 output only                   |     4 |       |           |       |
|     using O5 and O6                        |  1008 |       |           |       |
|   LUT as Shift Register                    |   471 |     0 |           |       |
|     using O5 output only                   |     0 |       |           |       |
|     using O6 output only                   |   239 |       |           |       |
|     using O5 and O6                        |   232 |       |           |       |
| CLB Registers                              | 19040 |     0 |    141120 | 13.49 |
|   Register driven from within the CLB      | 11208 |       |           |       |
|   Register driven from outside the CLB     |  7832 |       |           |       |
|     LUT in front of the register is unused |  5019 |       |           |       |
|     LUT in front of the register is used   |  2813 |       |           |       |
| Unique Control Sets                        |   918 |       |     17640 |  5.20 |
+--------------------------------------------+-------+-------+-----------+-------+
* Note: Available Control Sets calculated as CLB Registers / 8, Review the Control Sets Report for more information regarding control sets.


3. BLOCKRAM
-----------

+-------------------+------+-------+-----------+-------+
|     Site Type     | Used | Fixed | Available | Util% |
+-------------------+------+-------+-----------+-------+
| Block RAM Tile    |   25 |     0 |       216 | 11.57 |
|   RAMB36/FIFO*    |   17 |     0 |       216 |  7.87 |
|     RAMB36E2 only |   17 |       |           |       |
|   RAMB18          |   16 |     0 |       432 |  3.70 |
|     RAMB18E2 only |   16 |       |           |       |
+-------------------+------+-------+-----------+-------+
* Note: Each Block RAM Tile only has one FIFO logic available and therefore can accommodate only one FIFO36E2 or one FIFO18E2. However, if a FIFO18E2 occupies a Block RAM Tile, that tile can still accommodate a RAMB18E2


4. ARITHMETIC
-------------

+----------------+------+-------+-----------+-------+
|    Site Type   | Used | Fixed | Available | Util% |
+----------------+------+-------+-----------+-------+
| DSPs           |   37 |     0 |       360 | 10.28 |
|   DSP48E2 only |   37 |       |           |       |
+----------------+------+-------+-----------+-------+


5. I/O
------

+------------------+------+-------+-----------+-------+
|     Site Type    | Used | Fixed | Available | Util% |
+------------------+------+-------+-----------+-------+
| Bonded IOB       |    0 |     0 |        82 |  0.00 |
| HPIOB_M          |    0 |     0 |        26 |  0.00 |
| HPIOB_S          |    0 |     0 |        26 |  0.00 |
| HDIOB_M          |    0 |     0 |        12 |  0.00 |
| HDIOB_S          |    0 |     0 |        12 |  0.00 |
| HPIOB_SNGL       |    0 |     0 |         6 |  0.00 |
| HPIOBDIFFINBUF   |    0 |     0 |        72 |  0.00 |
| HPIOBDIFFOUTBUF  |    0 |     0 |        72 |  0.00 |
| HDIOBDIFFINBUF   |    0 |     0 |        48 |  0.00 |
| BITSLICE_CONTROL |    0 |     0 |        24 |  0.00 |
| BITSLICE_RX_TX   |    0 |     0 |       156 |  0.00 |
| BITSLICE_TX      |    0 |     0 |        24 |  0.00 |
| RIU_OR           |    0 |     0 |        12 |  0.00 |
+------------------+------+-------+-----------+-------+


6. CLOCK
--------

+----------------------+------+-------+-----------+-------+
|       Site Type      | Used | Fixed | Available | Util% |
+----------------------+------+-------+-----------+-------+
| GLOBAL CLOCK BUFFERs |    2 |     0 |       196 |  1.02 |
|   BUFGCE             |    1 |     0 |        88 |  1.14 |
|   BUFGCE_DIV         |    0 |     0 |        12 |  0.00 |
|   BUFG_PS            |    1 |     0 |        72 |  1.39 |
|   BUFGCTRL*          |    0 |     0 |        24 |  0.00 |
| PLL                  |    0 |     0 |         6 |  0.00 |
| MMCM                 |    0 |     0 |         3 |  0.00 |
+----------------------+------+-------+-----------+-------+
* Note: Each used BUFGCTRL counts as two GLOBAL CLOCK BUFFERs. This table does not include global clocking resources, only buffer cell usage. See the Clock Utilization Report (report_clock_utilization) for detailed accounting of global clocking resource availability.


7. ADVANCED
-----------

+-----------+------+-------+-----------+--------+
| Site Type | Used | Fixed | Available |  Util% |
+-----------+------+-------+-----------+--------+
| PS8       |    1 |     0 |         1 | 100.00 |
| SYSMONE4  |    0 |     0 |         1 |   0.00 |
+-----------+------+-------+-----------+--------+


8. CONFIGURATION
----------------

+-------------+------+-------+-----------+-------+
|  Site Type  | Used | Fixed | Available | Util% |
+-------------+------+-------+-----------+-------+
| BSCANE2     |    0 |     0 |         4 |  0.00 |
| DNA_PORTE2  |    0 |     0 |         1 |  0.00 |
| EFUSE_USR   |    0 |     0 |         1 |  0.00 |
| FRAME_ECCE4 |    0 |     0 |         1 |  0.00 |
| ICAPE3      |    0 |     0 |         2 |  0.00 |
| MASTER_JTAG |    0 |     0 |         1 |  0.00 |
| STARTUPE3   |    0 |     0 |         1 |  0.00 |
+-------------+------+-------+-----------+-------+


9. Primitives
-------------

+----------+-------+---------------------+
| Ref Name |  Used | Functional Category |
+----------+-------+---------------------+
| FDRE     | 18375 |            Register |
| LUT6     |  5079 |                 CLB |
| LUT3     |  4226 |                 CLB |
| LUT5     |  3064 |                 CLB |
| LUT4     |  3021 |                 CLB |
| LUT2     |  2078 |                 CLB |
| RAMD32   |  1768 |                 CLB |
| SRL16E   |   668 |                 CLB |
| FDSE     |   563 |            Register |
| LUT1     |   426 |                 CLB |
| CARRY8   |   280 |                 CLB |
| RAMS32   |   252 |                 CLB |
| MUXF7    |    82 |                 CLB |
| FDCE     |    69 |            Register |
| DSP48E2  |    37 |          Arithmetic |
| SRLC32E  |    35 |                 CLB |
| FDPE     |    33 |            Register |
| RAMB36E2 |    17 |           Block Ram |
| RAMB18E2 |    16 |           Block Ram |
| MUXF8    |     6 |                 CLB |
| PS8      |     1 |            Advanced |
| BUFG_PS  |     1 |               Clock |
| BUFGCE   |     1 |               Clock |
+----------+-------+---------------------+


10. Black Boxes
---------------

+----------+------+
| Ref Name | Used |
+----------+------+


11. Instantiated Netlists
-------------------------

+------------------------------+------+
|           Ref Name           | Used |
+------------------------------+------+
| design_1_zynq_ultra_ps_e_0_0 |    1 |
| design_1_xbar_0              |    1 |
| design_1_sobel_accel_0_3     |    1 |
| design_1_smartconnect_0_0    |    1 |
| design_1_rst_ps8_0_100M_0    |    1 |
| design_1_axi_vdma_0_3        |    1 |
| design_1_axi_vdma_0_2        |    1 |
| design_1_axi_intc_0_0        |    1 |
| design_1_auto_pc_0           |    1 |
| design_1_auto_ds_0           |    1 |
+------------------------------+------+


