

================================================================
== Vivado HLS Report for 'Block_proc'
================================================================
* Date:           Wed Jun  3 20:20:39 2020

* Version:        2019.1 (Build 2552052 on Fri May 24 15:28:33 MDT 2019)
* Project:        sobel_edge
* Solution:       solution1
* Product family: zynquplus
* Target device:  xczu3eg-sbva484-1-e


================================================================
== Performance Estimates
================================================================
+ Timing (ns): 
    * Summary: 
    +--------+-------+----------+------------+
    |  Clock | Target| Estimated| Uncertainty|
    +--------+-------+----------+------------+
    |ap_clk  |  10.00|     2.167|        1.25|
    +--------+-------+----------+------------+

+ Latency (clock cycles): 
    * Summary: 
    +-----+-----+-----+-----+---------+
    |  Latency  |  Interval | Pipeline|
    | min | max | min | max |   Type  |
    +-----+-----+-----+-----+---------+
    |    0|    0|    0|    0|   none  |
    +-----+-----+-----+-----+---------+

    + Detail: 
        * Instance: 
        N/A

        * Loop: 
        N/A



================================================================
== Utilization Estimates
================================================================
* Summary: 
+-----------------+---------+-------+--------+-------+-----+
|       Name      | BRAM_18K| DSP48E|   FF   |  LUT  | URAM|
+-----------------+---------+-------+--------+-------+-----+
|DSP              |        -|      -|       -|      -|    -|
|Expression       |        -|      -|       0|      2|    -|
|FIFO             |        -|      -|       -|      -|    -|
|Instance         |        -|      -|       -|      -|    -|
|Memory           |        -|      -|       -|      -|    -|
|Multiplexer      |        -|      -|       -|     54|    -|
|Register         |        -|      -|       3|      -|    -|
+-----------------+---------+-------+--------+-------+-----+
|Total            |        0|      0|       3|     56|    0|
+-----------------+---------+-------+--------+-------+-----+
|Available        |      432|    360|  141120|  70560|    0|
+-----------------+---------+-------+--------+-------+-----+
|Utilization (%)  |        0|      0|   ~0   |   ~0  |    0|
+-----------------+---------+-------+--------+-------+-----+

+ Detail: 
    * Instance: 
    N/A

    * DSP48E: 
    N/A

    * Memory: 
    N/A

    * FIFO: 
    N/A

    * Expression: 
    +-----------------+----------+-------+---+----+------------+------------+
    |  Variable Name  | Operation| DSP48E| FF| LUT| Bitwidth P0| Bitwidth P1|
    +-----------------+----------+-------+---+----+------------+------------+
    |ap_block_state1  |    or    |      0|  0|   2|           1|           1|
    +-----------------+----------+-------+---+----+------------+------------+
    |Total            |          |      0|  0|   2|           1|           1|
    +-----------------+----------+-------+---+----+------------+------------+

    * Multiplexer: 
    +--------------------------+----+-----------+-----+-----------+
    |           Name           | LUT| Input Size| Bits| Total Bits|
    +--------------------------+----+-----------+-----+-----------+
    |ap_done                   |   9|          2|    1|          2|
    |real_start                |   9|          2|    1|          2|
    |sobel_g_cols_V_out_blk_n  |   9|          2|    1|          2|
    |sobel_g_rows_V_out_blk_n  |   9|          2|    1|          2|
    |src_cols_V_out_blk_n      |   9|          2|    1|          2|
    |src_rows_V_out_blk_n      |   9|          2|    1|          2|
    +--------------------------+----+-----------+-----+-----------+
    |Total                     |  54|         12|    6|         12|
    +--------------------------+----+-----------+-----+-----------+

    * Register: 
    +----------------+---+----+-----+-----------+
    |      Name      | FF| LUT| Bits| Const Bits|
    +----------------+---+----+-----+-----------+
    |ap_CS_fsm       |  1|   0|    1|          0|
    |ap_done_reg     |  1|   0|    1|          0|
    |start_once_reg  |  1|   0|    1|          0|
    +----------------+---+----+-----+-----------+
    |Total           |  3|   0|    3|          0|
    +----------------+---+----+-----+-----------+



================================================================
== Interface
================================================================
* Summary: 
+---------------------------+-----+-----+------------+--------------------+--------------+
|         RTL Ports         | Dir | Bits|  Protocol  |    Source Object   |    C Type    |
+---------------------------+-----+-----+------------+--------------------+--------------+
|ap_clk                     |  in |    1| ap_ctrl_hs |     Block__proc    | return value |
|ap_rst                     |  in |    1| ap_ctrl_hs |     Block__proc    | return value |
|ap_start                   |  in |    1| ap_ctrl_hs |     Block__proc    | return value |
|start_full_n               |  in |    1| ap_ctrl_hs |     Block__proc    | return value |
|ap_done                    | out |    1| ap_ctrl_hs |     Block__proc    | return value |
|ap_continue                |  in |    1| ap_ctrl_hs |     Block__proc    | return value |
|ap_idle                    | out |    1| ap_ctrl_hs |     Block__proc    | return value |
|ap_ready                   | out |    1| ap_ctrl_hs |     Block__proc    | return value |
|start_out                  | out |    1| ap_ctrl_hs |     Block__proc    | return value |
|start_write                | out |    1| ap_ctrl_hs |     Block__proc    | return value |
|src_rows_V_out_din         | out |   12|   ap_fifo  |   src_rows_V_out   |    pointer   |
|src_rows_V_out_full_n      |  in |    1|   ap_fifo  |   src_rows_V_out   |    pointer   |
|src_rows_V_out_write       | out |    1|   ap_fifo  |   src_rows_V_out   |    pointer   |
|src_cols_V_out_din         | out |   12|   ap_fifo  |   src_cols_V_out   |    pointer   |
|src_cols_V_out_full_n      |  in |    1|   ap_fifo  |   src_cols_V_out   |    pointer   |
|src_cols_V_out_write       | out |    1|   ap_fifo  |   src_cols_V_out   |    pointer   |
|sobel_g_rows_V_out_din     | out |   12|   ap_fifo  | sobel_g_rows_V_out |    pointer   |
|sobel_g_rows_V_out_full_n  |  in |    1|   ap_fifo  | sobel_g_rows_V_out |    pointer   |
|sobel_g_rows_V_out_write   | out |    1|   ap_fifo  | sobel_g_rows_V_out |    pointer   |
|sobel_g_cols_V_out_din     | out |   12|   ap_fifo  | sobel_g_cols_V_out |    pointer   |
|sobel_g_cols_V_out_full_n  |  in |    1|   ap_fifo  | sobel_g_cols_V_out |    pointer   |
|sobel_g_cols_V_out_write   | out |    1|   ap_fifo  | sobel_g_cols_V_out |    pointer   |
+---------------------------+-----+-----+------------+--------------------+--------------+

============================================================
+ Verbose Summary: Synthesis Manager
============================================================
InlineROM: 1
ExposeGlobal: 0
============================================================
+ Verbose Summary: CDFG Model
============================================================
IsTopModel: 0
ResetActiveHigh: 1
IsCombinational: 2
IsDatapathOnly: 0
HasWiredReturn: 1
HasMFsm: 0
HasVarLatency: 0
IsPipeline: 0
IsRtlPipelined: 0
IsInstanceOverlapped: 0
IsDontTouch: 0
HasImplIP: 0
IsGatedGlobalClock: 0


============================================================
+ Verbose Summary: Schedule
============================================================
* Number of FSM states : 1
* Pipeline : 0
* Dataflow Pipeline: 0

* FSM state transitions: 
1 --> 

* FSM state operations: 

State 1 <SV = 0> <Delay = 2.16>
ST_1 : Operation 2 [1/1] (0.00ns)   --->   "call void (...)* @_ssdm_op_SpecInterface(i12* %sobel_g_cols_V_out, [8 x i8]* @ap_fifo_str, i32 0, i32 0, [1 x i8]* @p_str448, i32 0, i32 0, [1 x i8]* @p_str449, [1 x i8]* @p_str450, [1 x i8]* @p_str451, i32 2, i32 2, i32 16, i32 16, [1 x i8]* @p_str452, [1 x i8]* @p_str453)"   --->   Operation 2 'specinterface' <Predicate = true> <Delay = 0.00>
ST_1 : Operation 3 [1/1] (0.00ns)   --->   "call void (...)* @_ssdm_op_SpecInterface(i12* %sobel_g_rows_V_out, [8 x i8]* @ap_fifo_str, i32 0, i32 0, [1 x i8]* @p_str442, i32 0, i32 0, [1 x i8]* @p_str443, [1 x i8]* @p_str444, [1 x i8]* @p_str445, i32 2, i32 2, i32 16, i32 16, [1 x i8]* @p_str446, [1 x i8]* @p_str447)"   --->   Operation 3 'specinterface' <Predicate = true> <Delay = 0.00>
ST_1 : Operation 4 [1/1] (0.00ns)   --->   "call void (...)* @_ssdm_op_SpecInterface(i12* %src_cols_V_out, [8 x i8]* @ap_fifo_str, i32 0, i32 0, [1 x i8]* @p_str436, i32 0, i32 0, [1 x i8]* @p_str437, [1 x i8]* @p_str438, [1 x i8]* @p_str439, i32 2, i32 2, i32 16, i32 16, [1 x i8]* @p_str440, [1 x i8]* @p_str441)"   --->   Operation 4 'specinterface' <Predicate = true> <Delay = 0.00>
ST_1 : Operation 5 [1/1] (0.00ns)   --->   "call void (...)* @_ssdm_op_SpecInterface(i12* %src_rows_V_out, [8 x i8]* @ap_fifo_str, i32 0, i32 0, [1 x i8]* @p_str430, i32 0, i32 0, [1 x i8]* @p_str431, [1 x i8]* @p_str432, [1 x i8]* @p_str433, i32 2, i32 2, i32 16, i32 16, [1 x i8]* @p_str434, [1 x i8]* @p_str435)"   --->   Operation 5 'specinterface' <Predicate = true> <Delay = 0.00>
ST_1 : Operation 6 [1/1] (2.16ns)   --->   "call void @_ssdm_op_Write.ap_fifo.i12P(i12* %src_rows_V_out, i12 1080)" [C:/Xilinx/Vivado/2019.1/common/technology/autopilot/hls/hls_video_core.h:656->C:/Xilinx/Vivado/2019.1/common/technology/autopilot/hls/hls_video_core.h:642->C:/Xilinx/Vivado/2019.1/common/technology/autopilot/hls/hls_video_core.h:643->sobel_edge/src/sobel_operator.cpp:10->sobel_edge/src/sobel_operator.cpp:22]   --->   Operation 6 'write' <Predicate = true> <Delay = 2.16> <Core = "FIFO">   --->   Core 32 'FIFO' <Latency = 0> <II = 1> <Delay = 2.16> <Storage> <Opcode : 'read' 'write' 'nbread' 'nbwrite'> <Ports = 0> <Width = 8> <Depth = 2> <FIFO>
ST_1 : Operation 7 [1/1] (2.16ns)   --->   "call void @_ssdm_op_Write.ap_fifo.i12P(i12* %src_cols_V_out, i12 1920)" [C:/Xilinx/Vivado/2019.1/common/technology/autopilot/hls/hls_video_core.h:657->C:/Xilinx/Vivado/2019.1/common/technology/autopilot/hls/hls_video_core.h:642->C:/Xilinx/Vivado/2019.1/common/technology/autopilot/hls/hls_video_core.h:643->sobel_edge/src/sobel_operator.cpp:10->sobel_edge/src/sobel_operator.cpp:22]   --->   Operation 7 'write' <Predicate = true> <Delay = 2.16> <Core = "FIFO">   --->   Core 32 'FIFO' <Latency = 0> <II = 1> <Delay = 2.16> <Storage> <Opcode : 'read' 'write' 'nbread' 'nbwrite'> <Ports = 0> <Width = 8> <Depth = 2> <FIFO>
ST_1 : Operation 8 [1/1] (2.16ns)   --->   "call void @_ssdm_op_Write.ap_fifo.i12P(i12* %sobel_g_rows_V_out, i12 1080)" [C:/Xilinx/Vivado/2019.1/common/technology/autopilot/hls/hls_video_core.h:656->C:/Xilinx/Vivado/2019.1/common/technology/autopilot/hls/hls_video_core.h:642->C:/Xilinx/Vivado/2019.1/common/technology/autopilot/hls/hls_video_core.h:643->sobel_edge/src/sobel_operator.cpp:19->sobel_edge/src/sobel_operator.cpp:22]   --->   Operation 8 'write' <Predicate = true> <Delay = 2.16> <Core = "FIFO">   --->   Core 32 'FIFO' <Latency = 0> <II = 1> <Delay = 2.16> <Storage> <Opcode : 'read' 'write' 'nbread' 'nbwrite'> <Ports = 0> <Width = 8> <Depth = 2> <FIFO>
ST_1 : Operation 9 [1/1] (2.16ns)   --->   "call void @_ssdm_op_Write.ap_fifo.i12P(i12* %sobel_g_cols_V_out, i12 1920)" [C:/Xilinx/Vivado/2019.1/common/technology/autopilot/hls/hls_video_core.h:657->C:/Xilinx/Vivado/2019.1/common/technology/autopilot/hls/hls_video_core.h:642->C:/Xilinx/Vivado/2019.1/common/technology/autopilot/hls/hls_video_core.h:643->sobel_edge/src/sobel_operator.cpp:19->sobel_edge/src/sobel_operator.cpp:22]   --->   Operation 9 'write' <Predicate = true> <Delay = 2.16> <Core = "FIFO">   --->   Core 32 'FIFO' <Latency = 0> <II = 1> <Delay = 2.16> <Storage> <Opcode : 'read' 'write' 'nbread' 'nbwrite'> <Ports = 0> <Width = 8> <Depth = 2> <FIFO>
ST_1 : Operation 10 [1/1] (0.00ns)   --->   "ret void" [sobel_edge/src/sobel_operator.cpp:22]   --->   Operation 10 'ret' <Predicate = true> <Delay = 0.00>


============================================================
+ Verbose Summary: Binding
============================================================
STG Binding: 
---------------- STG Properties BEGIN ----------------
- Is combinational: 0
- Is one-state seq: 1
- Is datapath-only: 0
- Is pipelined: 0
- Is top level: 0
Port [ Return ] is wired: 1; IO mode=ap_ctrl_hs:ce=0
Port [ src_rows_V_out]:  wired=1; compound=1; hidden=0; nouse=0; global=0; static=0; extern=0; dir=1; type=3; pingpong=0; private_global=0; IO mode=ap_fifo:ce=0
Port [ src_cols_V_out]:  wired=1; compound=1; hidden=0; nouse=0; global=0; static=0; extern=0; dir=1; type=3; pingpong=0; private_global=0; IO mode=ap_fifo:ce=0
Port [ sobel_g_rows_V_out]:  wired=1; compound=1; hidden=0; nouse=0; global=0; static=0; extern=0; dir=1; type=3; pingpong=0; private_global=0; IO mode=ap_fifo:ce=0
Port [ sobel_g_cols_V_out]:  wired=1; compound=1; hidden=0; nouse=0; global=0; static=0; extern=0; dir=1; type=3; pingpong=0; private_global=0; IO mode=ap_fifo:ce=0
---------------- STG Properties END ------------------

---------------- Datapath Model BEGIN ----------------

<LifeTime>
<method=bitvector/>
specinterface_ln0 (specinterface) [ 00]
specinterface_ln0 (specinterface) [ 00]
specinterface_ln0 (specinterface) [ 00]
specinterface_ln0 (specinterface) [ 00]
write_ln656       (write        ) [ 00]
write_ln657       (write        ) [ 00]
write_ln656       (write        ) [ 00]
write_ln657       (write        ) [ 00]
ret_ln22          (ret          ) [ 00]
</LifeTime>

<model>

<comp_list>
<comp id="0" class="1000" name="src_rows_V_out">
<pin_list>
<pin id="1" dir="1" index="0" bw="1" slack="0"/>
</pin_list>
<bind>
<StgValue><ssdm name="src_rows_V_out"/></StgValue>
</bind>
</comp>

<comp id="2" class="1000" name="src_cols_V_out">
<pin_list>
<pin id="3" dir="1" index="0" bw="1" slack="0"/>
</pin_list>
<bind>
<StgValue><ssdm name="src_cols_V_out"/></StgValue>
</bind>
</comp>

<comp id="4" class="1000" name="sobel_g_rows_V_out">
<pin_list>
<pin id="5" dir="1" index="0" bw="1" slack="0"/>
</pin_list>
<bind>
<StgValue><ssdm name="sobel_g_rows_V_out"/></StgValue>
</bind>
</comp>

<comp id="6" class="1000" name="sobel_g_cols_V_out">
<pin_list>
<pin id="7" dir="1" index="0" bw="1" slack="0"/>
</pin_list>
<bind>
<StgValue><ssdm name="sobel_g_cols_V_out"/></StgValue>
</bind>
</comp>

<comp id="8" class="1001" name="const_8">
<pin_list>
<pin id="9" dir="1" index="0" bw="1" slack="2147483647"/>
</pin_list>
<bind>
<StgValue><ssdm name="_ssdm_op_SpecInterface"/></StgValue>
</bind>
</comp>

<comp id="10" class="1001" name="const_10">
<pin_list>
<pin id="11" dir="1" index="0" bw="1" slack="2147483647"/>
</pin_list>
<bind>
<StgValue><ssdm name="ap_fifo_str"/></StgValue>
</bind>
</comp>

<comp id="12" class="1001" name="const_12">
<pin_list>
<pin id="13" dir="1" index="0" bw="1" slack="2147483647"/>
</pin_list>
<bind>
<StgValue><ssdm name=""/></StgValue>
</bind>
</comp>

<comp id="14" class="1001" name="const_14">
<pin_list>
<pin id="15" dir="1" index="0" bw="1" slack="2147483647"/>
</pin_list>
<bind>
<StgValue><ssdm name="p_str448"/></StgValue>
</bind>
</comp>

<comp id="16" class="1001" name="const_16">
<pin_list>
<pin id="17" dir="1" index="0" bw="1" slack="2147483647"/>
</pin_list>
<bind>
<StgValue><ssdm name="p_str449"/></StgValue>
</bind>
</comp>

<comp id="18" class="1001" name="const_18">
<pin_list>
<pin id="19" dir="1" index="0" bw="1" slack="2147483647"/>
</pin_list>
<bind>
<StgValue><ssdm name="p_str450"/></StgValue>
</bind>
</comp>

<comp id="20" class="1001" name="const_20">
<pin_list>
<pin id="21" dir="1" index="0" bw="1" slack="2147483647"/>
</pin_list>
<bind>
<StgValue><ssdm name="p_str451"/></StgValue>
</bind>
</comp>

<comp id="22" class="1001" name="const_22">
<pin_list>
<pin id="23" dir="1" index="0" bw="1" slack="2147483647"/>
</pin_list>
<bind>
<StgValue><ssdm name=""/></StgValue>
</bind>
</comp>

<comp id="24" class="1001" name="const_24">
<pin_list>
<pin id="25" dir="1" index="0" bw="1" slack="2147483647"/>
</pin_list>
<bind>
<StgValue><ssdm name=""/></StgValue>
</bind>
</comp>

<comp id="26" class="1001" name="const_26">
<pin_list>
<pin id="27" dir="1" index="0" bw="1" slack="2147483647"/>
</pin_list>
<bind>
<StgValue><ssdm name="p_str452"/></StgValue>
</bind>
</comp>

<comp id="28" class="1001" name="const_28">
<pin_list>
<pin id="29" dir="1" index="0" bw="1" slack="2147483647"/>
</pin_list>
<bind>
<StgValue><ssdm name="p_str453"/></StgValue>
</bind>
</comp>

<comp id="30" class="1001" name="const_30">
<pin_list>
<pin id="31" dir="1" index="0" bw="1" slack="2147483647"/>
</pin_list>
<bind>
<StgValue><ssdm name="p_str442"/></StgValue>
</bind>
</comp>

<comp id="32" class="1001" name="const_32">
<pin_list>
<pin id="33" dir="1" index="0" bw="1" slack="2147483647"/>
</pin_list>
<bind>
<StgValue><ssdm name="p_str443"/></StgValue>
</bind>
</comp>

<comp id="34" class="1001" name="const_34">
<pin_list>
<pin id="35" dir="1" index="0" bw="1" slack="2147483647"/>
</pin_list>
<bind>
<StgValue><ssdm name="p_str444"/></StgValue>
</bind>
</comp>

<comp id="36" class="1001" name="const_36">
<pin_list>
<pin id="37" dir="1" index="0" bw="1" slack="2147483647"/>
</pin_list>
<bind>
<StgValue><ssdm name="p_str445"/></StgValue>
</bind>
</comp>

<comp id="38" class="1001" name="const_38">
<pin_list>
<pin id="39" dir="1" index="0" bw="1" slack="2147483647"/>
</pin_list>
<bind>
<StgValue><ssdm name="p_str446"/></StgValue>
</bind>
</comp>

<comp id="40" class="1001" name="const_40">
<pin_list>
<pin id="41" dir="1" index="0" bw="1" slack="2147483647"/>
</pin_list>
<bind>
<StgValue><ssdm name="p_str447"/></StgValue>
</bind>
</comp>

<comp id="42" class="1001" name="const_42">
<pin_list>
<pin id="43" dir="1" index="0" bw="1" slack="2147483647"/>
</pin_list>
<bind>
<StgValue><ssdm name="p_str436"/></StgValue>
</bind>
</comp>

<comp id="44" class="1001" name="const_44">
<pin_list>
<pin id="45" dir="1" index="0" bw="1" slack="2147483647"/>
</pin_list>
<bind>
<StgValue><ssdm name="p_str437"/></StgValue>
</bind>
</comp>

<comp id="46" class="1001" name="const_46">
<pin_list>
<pin id="47" dir="1" index="0" bw="1" slack="2147483647"/>
</pin_list>
<bind>
<StgValue><ssdm name="p_str438"/></StgValue>
</bind>
</comp>

<comp id="48" class="1001" name="const_48">
<pin_list>
<pin id="49" dir="1" index="0" bw="1" slack="2147483647"/>
</pin_list>
<bind>
<StgValue><ssdm name="p_str439"/></StgValue>
</bind>
</comp>

<comp id="50" class="1001" name="const_50">
<pin_list>
<pin id="51" dir="1" index="0" bw="1" slack="2147483647"/>
</pin_list>
<bind>
<StgValue><ssdm name="p_str440"/></StgValue>
</bind>
</comp>

<comp id="52" class="1001" name="const_52">
<pin_list>
<pin id="53" dir="1" index="0" bw="1" slack="2147483647"/>
</pin_list>
<bind>
<StgValue><ssdm name="p_str441"/></StgValue>
</bind>
</comp>

<comp id="54" class="1001" name="const_54">
<pin_list>
<pin id="55" dir="1" index="0" bw="1" slack="2147483647"/>
</pin_list>
<bind>
<StgValue><ssdm name="p_str430"/></StgValue>
</bind>
</comp>

<comp id="56" class="1001" name="const_56">
<pin_list>
<pin id="57" dir="1" index="0" bw="1" slack="2147483647"/>
</pin_list>
<bind>
<StgValue><ssdm name="p_str431"/></StgValue>
</bind>
</comp>

<comp id="58" class="1001" name="const_58">
<pin_list>
<pin id="59" dir="1" index="0" bw="1" slack="2147483647"/>
</pin_list>
<bind>
<StgValue><ssdm name="p_str432"/></StgValue>
</bind>
</comp>

<comp id="60" class="1001" name="const_60">
<pin_list>
<pin id="61" dir="1" index="0" bw="1" slack="2147483647"/>
</pin_list>
<bind>
<StgValue><ssdm name="p_str433"/></StgValue>
</bind>
</comp>

<comp id="62" class="1001" name="const_62">
<pin_list>
<pin id="63" dir="1" index="0" bw="1" slack="2147483647"/>
</pin_list>
<bind>
<StgValue><ssdm name="p_str434"/></StgValue>
</bind>
</comp>

<comp id="64" class="1001" name="const_64">
<pin_list>
<pin id="65" dir="1" index="0" bw="1" slack="2147483647"/>
</pin_list>
<bind>
<StgValue><ssdm name="p_str435"/></StgValue>
</bind>
</comp>

<comp id="66" class="1001" name="const_66">
<pin_list>
<pin id="67" dir="1" index="0" bw="1" slack="0"/>
</pin_list>
<bind>
<StgValue><ssdm name="_ssdm_op_Write.ap_fifo.i12P"/></StgValue>
</bind>
</comp>

<comp id="68" class="1001" name="const_68">
<pin_list>
<pin id="69" dir="1" index="0" bw="1" slack="0"/>
</pin_list>
<bind>
<StgValue><ssdm name=""/></StgValue>
</bind>
</comp>

<comp id="70" class="1001" name="const_70">
<pin_list>
<pin id="71" dir="1" index="0" bw="1" slack="0"/>
</pin_list>
<bind>
<StgValue><ssdm name=""/></StgValue>
</bind>
</comp>

<comp id="72" class="1004" name="write_ln656_write_fu_72">
<pin_list>
<pin id="73" dir="0" index="0" bw="0" slack="0"/>
<pin id="74" dir="0" index="1" bw="12" slack="0"/>
<pin id="75" dir="0" index="2" bw="12" slack="0"/>
<pin id="76" dir="1" index="3" bw="0" slack="2147483647"/>
</pin_list>
<bind>
<opcode="write(1151) " fcode="write"/>
<opset="write_ln656/1 "/>
</bind>
</comp>

<comp id="80" class="1004" name="write_ln657_write_fu_80">
<pin_list>
<pin id="81" dir="0" index="0" bw="0" slack="0"/>
<pin id="82" dir="0" index="1" bw="12" slack="0"/>
<pin id="83" dir="0" index="2" bw="12" slack="0"/>
<pin id="84" dir="1" index="3" bw="0" slack="2147483647"/>
</pin_list>
<bind>
<opcode="write(1151) " fcode="write"/>
<opset="write_ln657/1 "/>
</bind>
</comp>

<comp id="88" class="1004" name="write_ln656_write_fu_88">
<pin_list>
<pin id="89" dir="0" index="0" bw="0" slack="0"/>
<pin id="90" dir="0" index="1" bw="12" slack="0"/>
<pin id="91" dir="0" index="2" bw="12" slack="0"/>
<pin id="92" dir="1" index="3" bw="0" slack="2147483647"/>
</pin_list>
<bind>
<opcode="write(1151) " fcode="write"/>
<opset="write_ln656/1 "/>
</bind>
</comp>

<comp id="96" class="1004" name="write_ln657_write_fu_96">
<pin_list>
<pin id="97" dir="0" index="0" bw="0" slack="0"/>
<pin id="98" dir="0" index="1" bw="12" slack="0"/>
<pin id="99" dir="0" index="2" bw="12" slack="0"/>
<pin id="100" dir="1" index="3" bw="0" slack="2147483647"/>
</pin_list>
<bind>
<opcode="write(1151) " fcode="write"/>
<opset="write_ln657/1 "/>
</bind>
</comp>

</comp_list>

<net_list>
<net id="77"><net_src comp="66" pin="0"/><net_sink comp="72" pin=0"/></net>

<net id="78"><net_src comp="0" pin="0"/><net_sink comp="72" pin=1"/></net>

<net id="79"><net_src comp="68" pin="0"/><net_sink comp="72" pin=2"/></net>

<net id="85"><net_src comp="66" pin="0"/><net_sink comp="80" pin=0"/></net>

<net id="86"><net_src comp="2" pin="0"/><net_sink comp="80" pin=1"/></net>

<net id="87"><net_src comp="70" pin="0"/><net_sink comp="80" pin=2"/></net>

<net id="93"><net_src comp="66" pin="0"/><net_sink comp="88" pin=0"/></net>

<net id="94"><net_src comp="4" pin="0"/><net_sink comp="88" pin=1"/></net>

<net id="95"><net_src comp="68" pin="0"/><net_sink comp="88" pin=2"/></net>

<net id="101"><net_src comp="66" pin="0"/><net_sink comp="96" pin=0"/></net>

<net id="102"><net_src comp="6" pin="0"/><net_sink comp="96" pin=1"/></net>

<net id="103"><net_src comp="70" pin="0"/><net_sink comp="96" pin=2"/></net>

</net_list>

</model> 
---------------- Datapath Model END ------------------

* FSMD analyzer results:
  - Output states:
	Port: src_rows_V_out | {1 }
	Port: src_cols_V_out | {1 }
	Port: sobel_g_rows_V_out | {1 }
	Port: sobel_g_cols_V_out | {1 }
 - Input state : 
	Port: Block__proc : src_rows_V_out | {}
	Port: Block__proc : src_cols_V_out | {}
	Port: Block__proc : sobel_g_rows_V_out | {}
	Port: Block__proc : sobel_g_cols_V_out | {}
  - Chain level:
	State 1


============================================================
+ Verbose Summary: Datapath Resource usage 
============================================================

* Functional unit list:
|----------|-------------------------|
| Operation|     Functional Unit     |
|----------|-------------------------|
|          | write_ln656_write_fu_72 |
|   write  | write_ln657_write_fu_80 |
|          | write_ln656_write_fu_88 |
|          | write_ln657_write_fu_96 |
|----------|-------------------------|
|   Total  |                         |
|----------|-------------------------|

Memories:
N/A

* Register list:
N/A

* Multiplexer (MUX) list: 
|--------|------|------|------|--------|
|  Comp  |  Pin | Size |  BW  | S x BW |
|--------|------|------|------|--------|
|  Total |      |      |      |    0   |
|--------|------|------|------|--------|



* Summary:
+-----------+
|           |
+-----------+
|  Function |
|   Memory  |
|Multiplexer|
|  Register |
+-----------+
|   Total   |
+-----------+
