

================================================================
== Vivado HLS Report for 'ConvertScaleAbs273'
================================================================
* Date:           Wed Jun  3 20:20:33 2020

* Version:        2019.1 (Build 2552052 on Fri May 24 15:28:33 MDT 2019)
* Project:        sobel_edge
* Solution:       solution1
* Product family: zynquplus
* Target device:  xczu3eg-sbva484-1-e


================================================================
== Performance Estimates
================================================================
+ Timing (ns): 
    * Summary: 
    +--------+-------+----------+------------+
    |  Clock | Target| Estimated| Uncertainty|
    +--------+-------+----------+------------+
    |ap_clk  |  10.00|     8.544|        1.25|
    +--------+-------+----------+------------+

+ Latency (clock cycles): 
    * Summary: 
    +---------+---------+---------+---------+---------+
    |      Latency      |      Interval     | Pipeline|
    |   min   |   max   |   min   |   max   |   Type  |
    +---------+---------+---------+---------+---------+
    |  2083321|  2083321|  2083321|  2083321|   none  |
    +---------+---------+---------+---------+---------+

    + Detail: 
        * Instance: 
        N/A

        * Loop: 
        +---------------+---------+---------+----------+-----------+-----------+------+----------+
        |               |      Latency      | Iteration|  Initiation Interval  | Trip |          |
        |   Loop Name   |   min   |   max   |  Latency |  achieved |   target  | Count| Pipelined|
        +---------------+---------+---------+----------+-----------+-----------+------+----------+
        |- loop_height  |  2083320|  2083320|      1929|          -|          -|  1080|    no    |
        | + loop_width  |     1926|     1926|         8|          1|          1|  1920|    yes   |
        +---------------+---------+---------+----------+-----------+-----------+------+----------+

============================================================
+ Verbose Summary: Synthesis Manager
============================================================
InlineROM: 1
ExposeGlobal: 0
============================================================
+ Verbose Summary: CDFG Model
============================================================
IsTopModel: 0
ResetActiveHigh: 1
IsCombinational: 2
IsDatapathOnly: 0
HasWiredReturn: 1
HasMFsm: 0
HasVarLatency: 1
IsPipeline: 0
IsRtlPipelined: 0
IsInstanceOverlapped: 0
IsDontTouch: 0
HasImplIP: 0
IsGatedGlobalClock: 0

+ Individual pipeline summary: 
  * Pipeline-0: initiation interval (II) = 1, depth = 8


============================================================
+ Verbose Summary: Schedule
============================================================
* Number of FSM states : 11
* Pipeline : 1
  Pipeline-0 : II = 1, D = 8, States = { 3 4 5 6 7 8 9 10 }
* Dataflow Pipeline: 0

* FSM state transitions: 
1 --> 2 
2 --> 3 
3 --> 11 4 
4 --> 5 
5 --> 6 
6 --> 7 
7 --> 8 
8 --> 9 
9 --> 10 
10 --> 3 
11 --> 2 

* FSM state operations: 

State 1 <SV = 0> <Delay = 0.75>
ST_1 : Operation 12 [1/1] (0.00ns)   --->   "call void (...)* @_ssdm_op_SpecInterface(i8* %p_dst_data_stream_V, [8 x i8]* @ap_fifo_str, i32 0, i32 0, [1 x i8]* @p_str388, i32 0, i32 0, [1 x i8]* @p_str389, [1 x i8]* @p_str390, [1 x i8]* @p_str391, i32 2, i32 2, i32 16, i32 16, [1 x i8]* @p_str392, [1 x i8]* @p_str393)"   --->   Operation 12 'specinterface' <Predicate = true> <Delay = 0.00>
ST_1 : Operation 13 [1/1] (0.00ns)   --->   "call void (...)* @_ssdm_op_SpecInterface(i16* %p_src_data_stream_V, [8 x i8]* @ap_fifo_str, i32 0, i32 0, [1 x i8]* @p_str374, i32 0, i32 0, [1 x i8]* @p_str375, [1 x i8]* @p_str376, [1 x i8]* @p_str377, i32 2, i32 2, i32 16, i32 16, [1 x i8]* @p_str378, [1 x i8]* @p_str379)"   --->   Operation 13 'specinterface' <Predicate = true> <Delay = 0.00>
ST_1 : Operation 14 [1/1] (0.75ns)   --->   "br label %0" [C:/Xilinx/Vivado/2019.1/common/technology/autopilot/hls/hls_video_imgproc.h:2526]   --->   Operation 14 'br' <Predicate = true> <Delay = 0.75>

State 2 <SV = 1> <Delay = 1.19>
ST_2 : Operation 15 [1/1] (0.00ns)   --->   "%i_0 = phi i11 [ 0, %._crit_edge ], [ %i, %loop_height_end ]"   --->   Operation 15 'phi' 'i_0' <Predicate = true> <Delay = 0.00>
ST_2 : Operation 16 [1/1] (0.00ns)   --->   "call void (...)* @_ssdm_op_SpecLoopTripCount(i64 1080, i64 1080, i64 1080)"   --->   Operation 16 'speclooptripcount' <Predicate = true> <Delay = 0.00>
ST_2 : Operation 17 [1/1] (0.85ns)   --->   "%icmp_ln2526 = icmp eq i11 %i_0, -968" [C:/Xilinx/Vivado/2019.1/common/technology/autopilot/hls/hls_video_imgproc.h:2526]   --->   Operation 17 'icmp' 'icmp_ln2526' <Predicate = true> <Delay = 0.85> <Core = "Cmp">   --->   Core 25 'Cmp' <Latency = 0> <II = 1> <Delay = 0.85> <FuncUnit> <Opcode : 'icmp'> <InPorts = 2> <OutPorts = 1>
ST_2 : Operation 18 [1/1] (0.94ns)   --->   "%i = add i11 %i_0, 1" [C:/Xilinx/Vivado/2019.1/common/technology/autopilot/hls/hls_video_imgproc.h:2526]   --->   Operation 18 'add' 'i' <Predicate = true> <Delay = 0.94> <Core = "AddSub">   --->   Core 14 'AddSub' <Latency = 0> <II = 1> <Delay = 0.94> <FuncUnit> <Opcode : 'add' 'sub'> <InPorts = 2> <OutPorts = 1>
ST_2 : Operation 19 [1/1] (0.00ns)   --->   "br i1 %icmp_ln2526, label %2, label %loop_height_begin" [C:/Xilinx/Vivado/2019.1/common/technology/autopilot/hls/hls_video_imgproc.h:2526]   --->   Operation 19 'br' <Predicate = true> <Delay = 0.00>
ST_2 : Operation 20 [1/1] (0.00ns)   --->   "call void (...)* @_ssdm_op_SpecLoopName([12 x i8]* @p_str9) nounwind" [C:/Xilinx/Vivado/2019.1/common/technology/autopilot/hls/hls_video_imgproc.h:2526]   --->   Operation 20 'specloopname' <Predicate = (!icmp_ln2526)> <Delay = 0.00>
ST_2 : Operation 21 [1/1] (0.00ns)   --->   "%tmp_6 = call i32 (...)* @_ssdm_op_SpecRegionBegin([12 x i8]* @p_str9)" [C:/Xilinx/Vivado/2019.1/common/technology/autopilot/hls/hls_video_imgproc.h:2526]   --->   Operation 21 'specregionbegin' 'tmp_6' <Predicate = (!icmp_ln2526)> <Delay = 0.00>
ST_2 : Operation 22 [1/1] (0.75ns)   --->   "br label %1" [C:/Xilinx/Vivado/2019.1/common/technology/autopilot/hls/hls_video_imgproc.h:2527]   --->   Operation 22 'br' <Predicate = (!icmp_ln2526)> <Delay = 0.75>
ST_2 : Operation 23 [1/1] (0.00ns)   --->   "ret void" [C:/Xilinx/Vivado/2019.1/common/technology/autopilot/hls/hls_video_imgproc.h:2538]   --->   Operation 23 'ret' <Predicate = (icmp_ln2526)> <Delay = 0.00>

State 3 <SV = 2> <Delay = 0.94>
ST_3 : Operation 24 [1/1] (0.00ns)   --->   "%j_0 = phi i11 [ 0, %loop_height_begin ], [ %j, %loop_width_begin ]"   --->   Operation 24 'phi' 'j_0' <Predicate = true> <Delay = 0.00>
ST_3 : Operation 25 [1/1] (0.00ns)   --->   "call void (...)* @_ssdm_op_SpecLoopTripCount(i64 1920, i64 1920, i64 1920)"   --->   Operation 25 'speclooptripcount' <Predicate = true> <Delay = 0.00>
ST_3 : Operation 26 [1/1] (0.85ns)   --->   "%icmp_ln2527 = icmp eq i11 %j_0, -128" [C:/Xilinx/Vivado/2019.1/common/technology/autopilot/hls/hls_video_imgproc.h:2527]   --->   Operation 26 'icmp' 'icmp_ln2527' <Predicate = true> <Delay = 0.85> <Core = "Cmp">   --->   Core 25 'Cmp' <Latency = 0> <II = 1> <Delay = 0.85> <FuncUnit> <Opcode : 'icmp'> <InPorts = 2> <OutPorts = 1>
ST_3 : Operation 27 [1/1] (0.94ns)   --->   "%j = add i11 %j_0, 1" [C:/Xilinx/Vivado/2019.1/common/technology/autopilot/hls/hls_video_imgproc.h:2527]   --->   Operation 27 'add' 'j' <Predicate = true> <Delay = 0.94> <Core = "AddSub">   --->   Core 14 'AddSub' <Latency = 0> <II = 1> <Delay = 0.94> <FuncUnit> <Opcode : 'add' 'sub'> <InPorts = 2> <OutPorts = 1>
ST_3 : Operation 28 [1/1] (0.00ns)   --->   "br i1 %icmp_ln2527, label %loop_height_end, label %loop_width_begin" [C:/Xilinx/Vivado/2019.1/common/technology/autopilot/hls/hls_video_imgproc.h:2527]   --->   Operation 28 'br' <Predicate = true> <Delay = 0.00>

State 4 <SV = 3> <Delay = 2.16>
ST_4 : Operation 29 [1/1] (0.00ns)   --->   "%tmp_8 = call i32 (...)* @_ssdm_op_SpecRegionBegin([13 x i8]* @p_str25)" [C:/Xilinx/Vivado/2019.1/common/technology/autopilot/hls/hls_video_core.h:672->C:/Xilinx/Vivado/2019.1/common/technology/autopilot/hls/hls_video_core.h:711->C:/Xilinx/Vivado/2019.1/common/technology/autopilot/hls/hls_video_imgproc.h:2530]   --->   Operation 29 'specregionbegin' 'tmp_8' <Predicate = (!icmp_ln2527)> <Delay = 0.00>
ST_4 : Operation 30 [1/1] (0.00ns)   --->   "call void (...)* @_ssdm_op_SpecProtocol(i32 0, [1 x i8]* @p_str2) nounwind" [C:/Xilinx/Vivado/2019.1/common/technology/autopilot/hls/hls_video_core.h:676->C:/Xilinx/Vivado/2019.1/common/technology/autopilot/hls/hls_video_core.h:711->C:/Xilinx/Vivado/2019.1/common/technology/autopilot/hls/hls_video_imgproc.h:2530]   --->   Operation 30 'specprotocol' <Predicate = (!icmp_ln2527)> <Delay = 0.00>
ST_4 : Operation 31 [1/1] (2.16ns)   --->   "%tmp = call i16 @_ssdm_op_Read.ap_fifo.volatile.i16P(i16* %p_src_data_stream_V)" [C:/Xilinx/Vivado/2019.1/common/technology/autopilot/hls/hls_video_core.h:679->C:/Xilinx/Vivado/2019.1/common/technology/autopilot/hls/hls_video_core.h:711->C:/Xilinx/Vivado/2019.1/common/technology/autopilot/hls/hls_video_imgproc.h:2530]   --->   Operation 31 'read' 'tmp' <Predicate = (!icmp_ln2527)> <Delay = 2.16> <Core = "FIFO">   --->   Core 32 'FIFO' <Latency = 0> <II = 1> <Delay = 2.16> <Storage> <Opcode : 'read' 'write' 'nbread' 'nbwrite'> <Ports = 0> <Width = 8> <Depth = 2> <FIFO>
ST_4 : Operation 32 [1/1] (0.00ns)   --->   "%empty = call i32 (...)* @_ssdm_op_SpecRegionEnd([13 x i8]* @p_str25, i32 %tmp_8)" [C:/Xilinx/Vivado/2019.1/common/technology/autopilot/hls/hls_video_core.h:681->C:/Xilinx/Vivado/2019.1/common/technology/autopilot/hls/hls_video_core.h:711->C:/Xilinx/Vivado/2019.1/common/technology/autopilot/hls/hls_video_imgproc.h:2530]   --->   Operation 32 'specregionend' 'empty' <Predicate = (!icmp_ln2527)> <Delay = 0.00>

State 5 <SV = 4> <Delay = 7.09>
ST_5 : Operation 33 [1/1] (0.00ns)   --->   "%sext_ln2533 = sext i16 %tmp to i32" [C:/Xilinx/Vivado/2019.1/common/technology/autopilot/hls/hls_video_imgproc.h:2533]   --->   Operation 33 'sext' 'sext_ln2533' <Predicate = (!icmp_ln2527)> <Delay = 0.00>
ST_5 : Operation 34 [4/4] (7.09ns)   --->   "%x_assign = sitofp i32 %sext_ln2533 to double" [C:/Xilinx/Vivado/2019.1/common/technology/autopilot/hls/hls_video_imgproc.h:2533]   --->   Operation 34 'sitodp' 'x_assign' <Predicate = (!icmp_ln2527)> <Delay = 7.09> <Core = "Int2Double">   --->   Core 122 'Int2Double' <Latency = 3> <II = 1> <Delay = 7.09> <FuncUnit> <Opcode : 'sitodp' 'uitodp'> <InPorts = 1> <OutPorts = 1>

State 6 <SV = 5> <Delay = 7.09>
ST_6 : Operation 35 [3/4] (7.09ns)   --->   "%x_assign = sitofp i32 %sext_ln2533 to double" [C:/Xilinx/Vivado/2019.1/common/technology/autopilot/hls/hls_video_imgproc.h:2533]   --->   Operation 35 'sitodp' 'x_assign' <Predicate = (!icmp_ln2527)> <Delay = 7.09> <Core = "Int2Double">   --->   Core 122 'Int2Double' <Latency = 3> <II = 1> <Delay = 7.09> <FuncUnit> <Opcode : 'sitodp' 'uitodp'> <InPorts = 1> <OutPorts = 1>

State 7 <SV = 6> <Delay = 7.09>
ST_7 : Operation 36 [2/4] (7.09ns)   --->   "%x_assign = sitofp i32 %sext_ln2533 to double" [C:/Xilinx/Vivado/2019.1/common/technology/autopilot/hls/hls_video_imgproc.h:2533]   --->   Operation 36 'sitodp' 'x_assign' <Predicate = (!icmp_ln2527)> <Delay = 7.09> <Core = "Int2Double">   --->   Core 122 'Int2Double' <Latency = 3> <II = 1> <Delay = 7.09> <FuncUnit> <Opcode : 'sitodp' 'uitodp'> <InPorts = 1> <OutPorts = 1>

State 8 <SV = 7> <Delay = 7.09>
ST_8 : Operation 37 [1/4] (7.09ns)   --->   "%x_assign = sitofp i32 %sext_ln2533 to double" [C:/Xilinx/Vivado/2019.1/common/technology/autopilot/hls/hls_video_imgproc.h:2533]   --->   Operation 37 'sitodp' 'x_assign' <Predicate = (!icmp_ln2527)> <Delay = 7.09> <Core = "Int2Double">   --->   Core 122 'Int2Double' <Latency = 3> <II = 1> <Delay = 7.09> <FuncUnit> <Opcode : 'sitodp' 'uitodp'> <InPorts = 1> <OutPorts = 1>

State 9 <SV = 8> <Delay = 8.54>
ST_9 : Operation 38 [1/1] (0.00ns)   --->   "%p_Val2_s = bitcast double %x_assign to i64" [r:/builds/2019.1/continuous/2019_05_24_2552052/src/products/hls/hls_lib/src/hls\utils/x_hls_utils.h:475->r:/builds/2019.1/continuous/2019_05_24_2552052/src/products/hls/hls_lib/src/hls\utils/x_hls_utils.h:479->r:/builds/2019.1/continuous/2019_05_24_2552052/src/products/hls/hls_lib/hlsmath/include/FloatingPoint/hls_copysign.h:12->r:/builds/2019.1/continuous/2019_05_24_2552052/src/products/hls/hls_lib/hlsmath/include/FloatingPoint\hls_fabs.h:13->r:/builds/2019.1/continuous/2019_05_24_2552052/src/products/hls/hls_lib/hlsmath/src/c++/absdouble.cpp:7->C:/Xilinx/Vivado/2019.1/common/technology/autopilot/hls/hls_video_imgproc.h:2533]   --->   Operation 38 'bitcast' 'p_Val2_s' <Predicate = (!icmp_ln2527)> <Delay = 0.00>
ST_9 : Operation 39 [1/1] (0.00ns)   --->   "%trunc_ln368 = trunc i64 %p_Val2_s to i63" [r:/builds/2019.1/continuous/2019_05_24_2552052/src/products/hls/hls_lib/src/hls\utils/x_hls_utils.h:495->r:/builds/2019.1/continuous/2019_05_24_2552052/src/products/hls/hls_lib/src/hls\utils/x_hls_utils.h:512->r:/builds/2019.1/continuous/2019_05_24_2552052/src/products/hls/hls_lib/src/hls\utils/x_hls_utils.h:526->r:/builds/2019.1/continuous/2019_05_24_2552052/src/products/hls/hls_lib/hlsmath/include/FloatingPoint/hls_copysign.h:14->r:/builds/2019.1/continuous/2019_05_24_2552052/src/products/hls/hls_lib/hlsmath/include/FloatingPoint\hls_fabs.h:13->r:/builds/2019.1/continuous/2019_05_24_2552052/src/products/hls/hls_lib/hlsmath/src/c++/absdouble.cpp:7->C:/Xilinx/Vivado/2019.1/common/technology/autopilot/hls/hls_video_imgproc.h:2533]   --->   Operation 39 'trunc' 'trunc_ln368' <Predicate = (!icmp_ln2527)> <Delay = 0.00>
ST_9 : Operation 40 [1/1] (0.00ns)   --->   "%tmp_V = call i11 @_ssdm_op_PartSelect.i11.i64.i32.i32(i64 %p_Val2_s, i32 52, i32 62)" [r:/builds/2019.1/continuous/2019_05_24_2552052/src/products/hls/hls_lib/src/hls\utils/x_hls_utils.h:477->r:/builds/2019.1/continuous/2019_05_24_2552052/src/products/hls/hls_lib/src/hls\utils/x_hls_utils.h:479->r:/builds/2019.1/continuous/2019_05_24_2552052/src/products/hls/hls_lib/hlsmath/include/FloatingPoint\hls_isnan.h:17->r:/builds/2019.1/continuous/2019_05_24_2552052/src/products/hls/hls_lib/hlsmath/src/c++/isnandouble.cpp:7->r:/builds/2019.1/continuous/2019_05_24_2552052/src/products/hls/hls_lib/hlsmath/src/c++/isnandouble.cpp:11->C:/Xilinx/Vivado/2019.1/common/technology/autopilot/hls/hls_video_types.h:428->C:/Xilinx/Vivado/2019.1/common/technology/autopilot/hls/hls_video_types.h:500->C:/Xilinx/Vivado/2019.1/common/technology/autopilot/hls/hls_video_imgproc.h:2533]   --->   Operation 40 'partselect' 'tmp_V' <Predicate = (!icmp_ln2527)> <Delay = 0.00>
ST_9 : Operation 41 [1/1] (0.00ns)   --->   "%tmp_V_3 = trunc i64 %p_Val2_s to i52" [r:/builds/2019.1/continuous/2019_05_24_2552052/src/products/hls/hls_lib/src/hls\utils/x_hls_utils.h:478->r:/builds/2019.1/continuous/2019_05_24_2552052/src/products/hls/hls_lib/src/hls\utils/x_hls_utils.h:479->r:/builds/2019.1/continuous/2019_05_24_2552052/src/products/hls/hls_lib/hlsmath/include/FloatingPoint\hls_isnan.h:17->r:/builds/2019.1/continuous/2019_05_24_2552052/src/products/hls/hls_lib/hlsmath/src/c++/isnandouble.cpp:7->r:/builds/2019.1/continuous/2019_05_24_2552052/src/products/hls/hls_lib/hlsmath/src/c++/isnandouble.cpp:11->C:/Xilinx/Vivado/2019.1/common/technology/autopilot/hls/hls_video_types.h:428->C:/Xilinx/Vivado/2019.1/common/technology/autopilot/hls/hls_video_types.h:500->C:/Xilinx/Vivado/2019.1/common/technology/autopilot/hls/hls_video_imgproc.h:2533]   --->   Operation 41 'trunc' 'tmp_V_3' <Predicate = (!icmp_ln2527)> <Delay = 0.00>
ST_9 : Operation 42 [1/1] (0.85ns)   --->   "%icmp_ln833 = icmp eq i11 %tmp_V, -1" [r:/builds/2019.1/continuous/2019_05_24_2552052/src/products/hls/hls_lib/hlsmath/include/FloatingPoint\hls_isnan.h:18->r:/builds/2019.1/continuous/2019_05_24_2552052/src/products/hls/hls_lib/hlsmath/src/c++/isnandouble.cpp:7->r:/builds/2019.1/continuous/2019_05_24_2552052/src/products/hls/hls_lib/hlsmath/src/c++/isnandouble.cpp:11->C:/Xilinx/Vivado/2019.1/common/technology/autopilot/hls/hls_video_types.h:428->C:/Xilinx/Vivado/2019.1/common/technology/autopilot/hls/hls_video_types.h:500->C:/Xilinx/Vivado/2019.1/common/technology/autopilot/hls/hls_video_imgproc.h:2533]   --->   Operation 42 'icmp' 'icmp_ln833' <Predicate = (!icmp_ln2527)> <Delay = 0.85> <Core = "Cmp">   --->   Core 25 'Cmp' <Latency = 0> <II = 1> <Delay = 0.85> <FuncUnit> <Opcode : 'icmp'> <InPorts = 2> <OutPorts = 1>
ST_9 : Operation 43 [1/1] (1.34ns)   --->   "%icmp_ln837 = icmp ne i52 %tmp_V_3, 0" [r:/builds/2019.1/continuous/2019_05_24_2552052/src/products/hls/hls_lib/hlsmath/include/FloatingPoint\hls_isnan.h:18->r:/builds/2019.1/continuous/2019_05_24_2552052/src/products/hls/hls_lib/hlsmath/src/c++/isnandouble.cpp:7->r:/builds/2019.1/continuous/2019_05_24_2552052/src/products/hls/hls_lib/hlsmath/src/c++/isnandouble.cpp:11->C:/Xilinx/Vivado/2019.1/common/technology/autopilot/hls/hls_video_types.h:428->C:/Xilinx/Vivado/2019.1/common/technology/autopilot/hls/hls_video_types.h:500->C:/Xilinx/Vivado/2019.1/common/technology/autopilot/hls/hls_video_imgproc.h:2533]   --->   Operation 43 'icmp' 'icmp_ln837' <Predicate = (!icmp_ln2527)> <Delay = 1.34> <Core = "Cmp">   --->   Core 25 'Cmp' <Latency = 0> <II = 1> <Delay = 0.85> <FuncUnit> <Opcode : 'icmp'> <InPorts = 2> <OutPorts = 1>
ST_9 : Operation 44 [1/1] (0.33ns)   --->   "%and_ln428 = and i1 %icmp_ln833, %icmp_ln837" [C:/Xilinx/Vivado/2019.1/common/technology/autopilot/hls/hls_video_types.h:428->C:/Xilinx/Vivado/2019.1/common/technology/autopilot/hls/hls_video_types.h:500->C:/Xilinx/Vivado/2019.1/common/technology/autopilot/hls/hls_video_imgproc.h:2533]   --->   Operation 44 'and' 'and_ln428' <Predicate = (!icmp_ln2527)> <Delay = 0.33> <Core = "LogicGate">   --->   Core 27 'LogicGate' <Latency = 0> <II = 1> <Delay = 0.33> <FuncUnit> <Opcode : 'and' 'or' 'xor'> <InPorts = 2> <OutPorts = 1>
ST_9 : Operation 45 [1/1] (0.00ns)   --->   "%zext_ln461 = zext i11 %tmp_V to i12" [C:/Xilinx/Vivado/2019.1/common/technology/autopilot/hls/hls_video_types.h:429->C:/Xilinx/Vivado/2019.1/common/technology/autopilot/hls/hls_video_types.h:500->C:/Xilinx/Vivado/2019.1/common/technology/autopilot/hls/hls_video_imgproc.h:2533]   --->   Operation 45 'zext' 'zext_ln461' <Predicate = (!icmp_ln2527)> <Delay = 0.00>
ST_9 : Operation 46 [1/1] (0.00ns)   --->   "%tmp_1_i = call i53 @_ssdm_op_BitConcatenate.i53.i1.i52(i1 true, i52 %tmp_V_3) nounwind" [C:/Xilinx/Vivado/2019.1/common/technology/autopilot/hls/hls_video_types.h:429->C:/Xilinx/Vivado/2019.1/common/technology/autopilot/hls/hls_video_types.h:500->C:/Xilinx/Vivado/2019.1/common/technology/autopilot/hls/hls_video_imgproc.h:2533]   --->   Operation 46 'bitconcatenate' 'tmp_1_i' <Predicate = (!icmp_ln2527)> <Delay = 0.00>
ST_9 : Operation 47 [1/1] (0.00ns)   --->   "%p_Result_6 = zext i53 %tmp_1_i to i54" [C:/Xilinx/Vivado/2019.1/common/technology/autopilot/hls/hls_video_types.h:429->C:/Xilinx/Vivado/2019.1/common/technology/autopilot/hls/hls_video_types.h:500->C:/Xilinx/Vivado/2019.1/common/technology/autopilot/hls/hls_video_imgproc.h:2533]   --->   Operation 47 'zext' 'p_Result_6' <Predicate = (!icmp_ln2527)> <Delay = 0.00>
ST_9 : Operation 48 [1/1] (1.46ns)   --->   "%icmp_ln571 = icmp eq i63 %trunc_ln368, 0" [C:/Xilinx/Vivado/2019.1/common/technology/autopilot/hls/hls_video_types.h:429->C:/Xilinx/Vivado/2019.1/common/technology/autopilot/hls/hls_video_types.h:500->C:/Xilinx/Vivado/2019.1/common/technology/autopilot/hls/hls_video_imgproc.h:2533]   --->   Operation 48 'icmp' 'icmp_ln571' <Predicate = (!icmp_ln2527)> <Delay = 1.46> <Core = "Cmp">   --->   Core 25 'Cmp' <Latency = 0> <II = 1> <Delay = 0.85> <FuncUnit> <Opcode : 'icmp'> <InPorts = 2> <OutPorts = 1>
ST_9 : Operation 49 [1/1] (0.96ns)   --->   "%F2 = sub i12 1075, %zext_ln461" [C:/Xilinx/Vivado/2019.1/common/technology/autopilot/hls/hls_video_types.h:429->C:/Xilinx/Vivado/2019.1/common/technology/autopilot/hls/hls_video_types.h:500->C:/Xilinx/Vivado/2019.1/common/technology/autopilot/hls/hls_video_imgproc.h:2533]   --->   Operation 49 'sub' 'F2' <Predicate = (!icmp_ln2527)> <Delay = 0.96> <Core = "AddSub">   --->   Core 14 'AddSub' <Latency = 0> <II = 1> <Delay = 0.94> <FuncUnit> <Opcode : 'add' 'sub'> <InPorts = 2> <OutPorts = 1>
ST_9 : Operation 50 [1/1] (0.86ns)   --->   "%icmp_ln581 = icmp sgt i12 %F2, 0" [C:/Xilinx/Vivado/2019.1/common/technology/autopilot/hls/hls_video_types.h:429->C:/Xilinx/Vivado/2019.1/common/technology/autopilot/hls/hls_video_types.h:500->C:/Xilinx/Vivado/2019.1/common/technology/autopilot/hls/hls_video_imgproc.h:2533]   --->   Operation 50 'icmp' 'icmp_ln581' <Predicate = (!icmp_ln2527)> <Delay = 0.86> <Core = "Cmp">   --->   Core 25 'Cmp' <Latency = 0> <II = 1> <Delay = 0.85> <FuncUnit> <Opcode : 'icmp'> <InPorts = 2> <OutPorts = 1>
ST_9 : Operation 51 [1/1] (0.96ns)   --->   "%sub_ln581 = sub i12 0, %F2" [C:/Xilinx/Vivado/2019.1/common/technology/autopilot/hls/hls_video_types.h:429->C:/Xilinx/Vivado/2019.1/common/technology/autopilot/hls/hls_video_types.h:500->C:/Xilinx/Vivado/2019.1/common/technology/autopilot/hls/hls_video_imgproc.h:2533]   --->   Operation 51 'sub' 'sub_ln581' <Predicate = (!icmp_ln2527)> <Delay = 0.96> <Core = "AddSub">   --->   Core 14 'AddSub' <Latency = 0> <II = 1> <Delay = 0.94> <FuncUnit> <Opcode : 'add' 'sub'> <InPorts = 2> <OutPorts = 1>
ST_9 : Operation 52 [1/1] (0.43ns)   --->   "%F2_2 = select i1 %icmp_ln581, i12 %F2, i12 %sub_ln581" [C:/Xilinx/Vivado/2019.1/common/technology/autopilot/hls/hls_video_types.h:429->C:/Xilinx/Vivado/2019.1/common/technology/autopilot/hls/hls_video_types.h:500->C:/Xilinx/Vivado/2019.1/common/technology/autopilot/hls/hls_video_imgproc.h:2533]   --->   Operation 52 'select' 'F2_2' <Predicate = (!icmp_ln2527)> <Delay = 0.43> <Core = "Sel">   --->   Core 26 'Sel' <Latency = 0> <II = 1> <Delay = 0.44> <FuncUnit> <Opcode : 'select'> <InPorts = 3> <OutPorts = 1>
ST_9 : Operation 53 [1/1] (0.00ns) (grouped into LUT with out node p_Val2_16)   --->   "%trunc_ln581 = trunc i12 %F2_2 to i8" [C:/Xilinx/Vivado/2019.1/common/technology/autopilot/hls/hls_video_types.h:429->C:/Xilinx/Vivado/2019.1/common/technology/autopilot/hls/hls_video_types.h:500->C:/Xilinx/Vivado/2019.1/common/technology/autopilot/hls/hls_video_imgproc.h:2533]   --->   Operation 53 'trunc' 'trunc_ln581' <Predicate = (!icmp_ln2527)> <Delay = 0.00>
ST_9 : Operation 54 [1/1] (0.00ns) (grouped into LUT with out node p_Val2_14)   --->   "%sext_ln581 = sext i12 %F2_2 to i32" [C:/Xilinx/Vivado/2019.1/common/technology/autopilot/hls/hls_video_types.h:429->C:/Xilinx/Vivado/2019.1/common/technology/autopilot/hls/hls_video_types.h:500->C:/Xilinx/Vivado/2019.1/common/technology/autopilot/hls/hls_video_imgproc.h:2533]   --->   Operation 54 'sext' 'sext_ln581' <Predicate = (!icmp_ln2527)> <Delay = 0.00>
ST_9 : Operation 55 [1/1] (0.85ns)   --->   "%icmp_ln582 = icmp eq i11 %tmp_V, -973" [C:/Xilinx/Vivado/2019.1/common/technology/autopilot/hls/hls_video_types.h:429->C:/Xilinx/Vivado/2019.1/common/technology/autopilot/hls/hls_video_types.h:500->C:/Xilinx/Vivado/2019.1/common/technology/autopilot/hls/hls_video_imgproc.h:2533]   --->   Operation 55 'icmp' 'icmp_ln582' <Predicate = (!icmp_ln2527)> <Delay = 0.85> <Core = "Cmp">   --->   Core 25 'Cmp' <Latency = 0> <II = 1> <Delay = 0.85> <FuncUnit> <Opcode : 'icmp'> <InPorts = 2> <OutPorts = 1>
ST_9 : Operation 56 [1/1] (0.00ns)   --->   "%trunc_ln583 = trunc i64 %p_Val2_s to i8" [C:/Xilinx/Vivado/2019.1/common/technology/autopilot/hls/hls_video_types.h:429->C:/Xilinx/Vivado/2019.1/common/technology/autopilot/hls/hls_video_types.h:500->C:/Xilinx/Vivado/2019.1/common/technology/autopilot/hls/hls_video_imgproc.h:2533]   --->   Operation 56 'trunc' 'trunc_ln583' <Predicate = (!icmp_ln2527)> <Delay = 0.00>
ST_9 : Operation 57 [1/1] (0.86ns)   --->   "%icmp_ln585 = icmp ult i12 %F2_2, 54" [C:/Xilinx/Vivado/2019.1/common/technology/autopilot/hls/hls_video_types.h:429->C:/Xilinx/Vivado/2019.1/common/technology/autopilot/hls/hls_video_types.h:500->C:/Xilinx/Vivado/2019.1/common/technology/autopilot/hls/hls_video_imgproc.h:2533]   --->   Operation 57 'icmp' 'icmp_ln585' <Predicate = (!icmp_ln2527)> <Delay = 0.86> <Core = "Cmp">   --->   Core 25 'Cmp' <Latency = 0> <II = 1> <Delay = 0.85> <FuncUnit> <Opcode : 'icmp'> <InPorts = 2> <OutPorts = 1>
ST_9 : Operation 58 [1/1] (0.00ns)   --->   "%tmp_50 = call i9 @_ssdm_op_PartSelect.i9.i12.i32.i32(i12 %F2_2, i32 3, i32 11)" [C:/Xilinx/Vivado/2019.1/common/technology/autopilot/hls/hls_video_types.h:429->C:/Xilinx/Vivado/2019.1/common/technology/autopilot/hls/hls_video_types.h:500->C:/Xilinx/Vivado/2019.1/common/technology/autopilot/hls/hls_video_imgproc.h:2533]   --->   Operation 58 'partselect' 'tmp_50' <Predicate = (!icmp_ln2527)> <Delay = 0.00>
ST_9 : Operation 59 [1/1] (0.85ns)   --->   "%icmp_ln603 = icmp eq i9 %tmp_50, 0" [C:/Xilinx/Vivado/2019.1/common/technology/autopilot/hls/hls_video_types.h:429->C:/Xilinx/Vivado/2019.1/common/technology/autopilot/hls/hls_video_types.h:500->C:/Xilinx/Vivado/2019.1/common/technology/autopilot/hls/hls_video_imgproc.h:2533]   --->   Operation 59 'icmp' 'icmp_ln603' <Predicate = (!icmp_ln2527)> <Delay = 0.85> <Core = "Cmp">   --->   Core 25 'Cmp' <Latency = 0> <II = 1> <Delay = 0.85> <FuncUnit> <Opcode : 'icmp'> <InPorts = 2> <OutPorts = 1>
ST_9 : Operation 60 [1/1] (0.00ns) (grouped into LUT with out node p_Val2_14)   --->   "%zext_ln586 = zext i32 %sext_ln581 to i54" [C:/Xilinx/Vivado/2019.1/common/technology/autopilot/hls/hls_video_types.h:429->C:/Xilinx/Vivado/2019.1/common/technology/autopilot/hls/hls_video_types.h:500->C:/Xilinx/Vivado/2019.1/common/technology/autopilot/hls/hls_video_imgproc.h:2533]   --->   Operation 60 'zext' 'zext_ln586' <Predicate = (!icmp_ln2527)> <Delay = 0.00>
ST_9 : Operation 61 [1/1] (0.00ns) (grouped into LUT with out node p_Val2_14)   --->   "%ashr_ln586 = ashr i54 %p_Result_6, %zext_ln586" [C:/Xilinx/Vivado/2019.1/common/technology/autopilot/hls/hls_video_types.h:429->C:/Xilinx/Vivado/2019.1/common/technology/autopilot/hls/hls_video_types.h:500->C:/Xilinx/Vivado/2019.1/common/technology/autopilot/hls/hls_video_imgproc.h:2533]   --->   Operation 61 'ashr' 'ashr_ln586' <Predicate = (!icmp_ln2527)> <Delay = 0.00> <Core = "Shift">   --->   Core 28 'Shift' <Latency = 0> <II = 1> <Delay = 1.45> <FuncUnit> <Opcode : 'shl' 'lshr' 'ashr'> <InPorts = 2> <OutPorts = 1>
ST_9 : Operation 62 [1/1] (0.00ns) (grouped into LUT with out node p_Val2_14)   --->   "%trunc_ln586 = trunc i54 %ashr_ln586 to i8" [C:/Xilinx/Vivado/2019.1/common/technology/autopilot/hls/hls_video_types.h:429->C:/Xilinx/Vivado/2019.1/common/technology/autopilot/hls/hls_video_types.h:500->C:/Xilinx/Vivado/2019.1/common/technology/autopilot/hls/hls_video_imgproc.h:2533]   --->   Operation 62 'trunc' 'trunc_ln586' <Predicate = (!icmp_ln2527)> <Delay = 0.00>
ST_9 : Operation 63 [1/1] (0.00ns) (grouped into LUT with out node p_Val2_16)   --->   "%shl_ln604 = shl i8 %trunc_ln583, %trunc_ln581" [C:/Xilinx/Vivado/2019.1/common/technology/autopilot/hls/hls_video_types.h:429->C:/Xilinx/Vivado/2019.1/common/technology/autopilot/hls/hls_video_types.h:500->C:/Xilinx/Vivado/2019.1/common/technology/autopilot/hls/hls_video_imgproc.h:2533]   --->   Operation 63 'shl' 'shl_ln604' <Predicate = (!icmp_ln2527)> <Delay = 0.00> <Core = "Shift">   --->   Core 28 'Shift' <Latency = 0> <II = 1> <Delay = 1.45> <FuncUnit> <Opcode : 'shl' 'lshr' 'ashr'> <InPorts = 2> <OutPorts = 1>
ST_9 : Operation 64 [1/1] (1.69ns) (out node of the LUT)   --->   "%p_Val2_14 = select i1 %icmp_ln585, i8 %trunc_ln586, i8 0" [C:/Xilinx/Vivado/2019.1/common/technology/autopilot/hls/hls_video_types.h:429->C:/Xilinx/Vivado/2019.1/common/technology/autopilot/hls/hls_video_types.h:500->C:/Xilinx/Vivado/2019.1/common/technology/autopilot/hls/hls_video_imgproc.h:2533]   --->   Operation 64 'select' 'p_Val2_14' <Predicate = (!icmp_ln2527)> <Delay = 1.69> <Core = "Sel">   --->   Core 26 'Sel' <Latency = 0> <II = 1> <Delay = 0.44> <FuncUnit> <Opcode : 'select'> <InPorts = 3> <OutPorts = 1>
ST_9 : Operation 65 [1/1] (0.86ns)   --->   "%icmp_ln591 = icmp sgt i12 %F2, 54" [C:/Xilinx/Vivado/2019.1/common/technology/autopilot/hls/hls_video_types.h:429->C:/Xilinx/Vivado/2019.1/common/technology/autopilot/hls/hls_video_types.h:500->C:/Xilinx/Vivado/2019.1/common/technology/autopilot/hls/hls_video_imgproc.h:2533]   --->   Operation 65 'icmp' 'icmp_ln591' <Predicate = (!icmp_ln2527)> <Delay = 0.86> <Core = "Cmp">   --->   Core 25 'Cmp' <Latency = 0> <II = 1> <Delay = 0.85> <FuncUnit> <Opcode : 'icmp'> <InPorts = 2> <OutPorts = 1>
ST_9 : Operation 66 [1/1] (0.96ns)   --->   "%add_ln591 = add i12 -1, %F2" [C:/Xilinx/Vivado/2019.1/common/technology/autopilot/hls/hls_video_types.h:429->C:/Xilinx/Vivado/2019.1/common/technology/autopilot/hls/hls_video_types.h:500->C:/Xilinx/Vivado/2019.1/common/technology/autopilot/hls/hls_video_imgproc.h:2533]   --->   Operation 66 'add' 'add_ln591' <Predicate = (!icmp_ln2527)> <Delay = 0.96> <Core = "AddSub">   --->   Core 14 'AddSub' <Latency = 0> <II = 1> <Delay = 0.94> <FuncUnit> <Opcode : 'add' 'sub'> <InPorts = 2> <OutPorts = 1>
ST_9 : Operation 67 [1/1] (0.00ns) (grouped into LUT with out node p_Val2_15)   --->   "%zext_ln591 = zext i12 %add_ln591 to i32" [C:/Xilinx/Vivado/2019.1/common/technology/autopilot/hls/hls_video_types.h:429->C:/Xilinx/Vivado/2019.1/common/technology/autopilot/hls/hls_video_types.h:500->C:/Xilinx/Vivado/2019.1/common/technology/autopilot/hls/hls_video_imgproc.h:2533]   --->   Operation 67 'zext' 'zext_ln591' <Predicate = (!icmp_ln2527)> <Delay = 0.00>
ST_9 : Operation 68 [1/1] (0.00ns) (grouped into LUT with out node p_Val2_15)   --->   "%p_Result_s = call i1 @_ssdm_op_BitSelect.i1.i54.i32(i54 %p_Result_6, i32 %zext_ln591) nounwind" [C:/Xilinx/Vivado/2019.1/common/technology/autopilot/hls/hls_video_types.h:429->C:/Xilinx/Vivado/2019.1/common/technology/autopilot/hls/hls_video_types.h:500->C:/Xilinx/Vivado/2019.1/common/technology/autopilot/hls/hls_video_imgproc.h:2533]   --->   Operation 68 'bitselect' 'p_Result_s' <Predicate = (!icmp_ln2527)> <Delay = 0.00>
ST_9 : Operation 69 [1/1] (0.00ns) (grouped into LUT with out node p_Val2_15)   --->   "%qb = select i1 %icmp_ln591, i1 false, i1 %p_Result_s" [C:/Xilinx/Vivado/2019.1/common/technology/autopilot/hls/hls_video_types.h:429->C:/Xilinx/Vivado/2019.1/common/technology/autopilot/hls/hls_video_types.h:500->C:/Xilinx/Vivado/2019.1/common/technology/autopilot/hls/hls_video_imgproc.h:2533]   --->   Operation 69 'select' 'qb' <Predicate = (!icmp_ln2527)> <Delay = 0.00> <Core = "Sel">   --->   Core 26 'Sel' <Latency = 0> <II = 1> <Delay = 0.44> <FuncUnit> <Opcode : 'select'> <InPorts = 3> <OutPorts = 1>
ST_9 : Operation 70 [1/1] (0.00ns)   --->   "%p_Result_7 = call i1 @_ssdm_op_BitSelect.i1.i8.i32(i8 %p_Val2_14, i32 7)" [C:/Xilinx/Vivado/2019.1/common/technology/autopilot/hls/hls_video_types.h:429->C:/Xilinx/Vivado/2019.1/common/technology/autopilot/hls/hls_video_types.h:500->C:/Xilinx/Vivado/2019.1/common/technology/autopilot/hls/hls_video_imgproc.h:2533]   --->   Operation 70 'bitselect' 'p_Result_7' <Predicate = (!icmp_ln2527)> <Delay = 0.00>
ST_9 : Operation 71 [1/1] (0.00ns) (grouped into LUT with out node p_Val2_15)   --->   "%zext_ln415 = zext i1 %qb to i8" [C:/Xilinx/Vivado/2019.1/common/technology/autopilot/hls/hls_video_types.h:429->C:/Xilinx/Vivado/2019.1/common/technology/autopilot/hls/hls_video_types.h:500->C:/Xilinx/Vivado/2019.1/common/technology/autopilot/hls/hls_video_imgproc.h:2533]   --->   Operation 71 'zext' 'zext_ln415' <Predicate = (!icmp_ln2527)> <Delay = 0.00>
ST_9 : Operation 72 [1/1] (0.90ns) (out node of the LUT)   --->   "%p_Val2_15 = add i8 %p_Val2_14, %zext_ln415" [C:/Xilinx/Vivado/2019.1/common/technology/autopilot/hls/hls_video_types.h:429->C:/Xilinx/Vivado/2019.1/common/technology/autopilot/hls/hls_video_types.h:500->C:/Xilinx/Vivado/2019.1/common/technology/autopilot/hls/hls_video_imgproc.h:2533]   --->   Operation 72 'add' 'p_Val2_15' <Predicate = (!icmp_ln2527)> <Delay = 0.90> <Core = "AddSub">   --->   Core 14 'AddSub' <Latency = 0> <II = 1> <Delay = 0.94> <FuncUnit> <Opcode : 'add' 'sub'> <InPorts = 2> <OutPorts = 1>
ST_9 : Operation 73 [1/1] (0.00ns) (grouped into LUT with out node and_ln603_2)   --->   "%tmp_52 = call i1 @_ssdm_op_BitSelect.i1.i8.i32(i8 %p_Val2_15, i32 7)" [C:/Xilinx/Vivado/2019.1/common/technology/autopilot/hls/hls_video_types.h:429->C:/Xilinx/Vivado/2019.1/common/technology/autopilot/hls/hls_video_types.h:500->C:/Xilinx/Vivado/2019.1/common/technology/autopilot/hls/hls_video_imgproc.h:2533]   --->   Operation 73 'bitselect' 'tmp_52' <Predicate = (!icmp_ln2527)> <Delay = 0.00>
ST_9 : Operation 74 [1/1] (0.00ns) (grouped into LUT with out node and_ln603_2)   --->   "%xor_ln416 = xor i1 %tmp_52, true" [C:/Xilinx/Vivado/2019.1/common/technology/autopilot/hls/hls_video_types.h:429->C:/Xilinx/Vivado/2019.1/common/technology/autopilot/hls/hls_video_types.h:500->C:/Xilinx/Vivado/2019.1/common/technology/autopilot/hls/hls_video_imgproc.h:2533]   --->   Operation 74 'xor' 'xor_ln416' <Predicate = (!icmp_ln2527)> <Delay = 0.00> <Core = "LogicGate">   --->   Core 27 'LogicGate' <Latency = 0> <II = 1> <Delay = 0.33> <FuncUnit> <Opcode : 'and' 'or' 'xor'> <InPorts = 2> <OutPorts = 1>
ST_9 : Operation 75 [1/1] (0.00ns) (grouped into LUT with out node select_ln403)   --->   "%select_ln582 = select i1 %icmp_ln582, i8 %trunc_ln583, i8 0" [C:/Xilinx/Vivado/2019.1/common/technology/autopilot/hls/hls_video_types.h:429->C:/Xilinx/Vivado/2019.1/common/technology/autopilot/hls/hls_video_types.h:500->C:/Xilinx/Vivado/2019.1/common/technology/autopilot/hls/hls_video_imgproc.h:2533]   --->   Operation 75 'select' 'select_ln582' <Predicate = (!icmp_ln2527)> <Delay = 0.00> <Core = "Sel">   --->   Core 26 'Sel' <Latency = 0> <II = 1> <Delay = 0.44> <FuncUnit> <Opcode : 'select'> <InPorts = 3> <OutPorts = 1>
ST_9 : Operation 76 [1/1] (0.00ns) (grouped into LUT with out node and_ln581)   --->   "%xor_ln582 = xor i1 %icmp_ln582, true" [C:/Xilinx/Vivado/2019.1/common/technology/autopilot/hls/hls_video_types.h:429->C:/Xilinx/Vivado/2019.1/common/technology/autopilot/hls/hls_video_types.h:500->C:/Xilinx/Vivado/2019.1/common/technology/autopilot/hls/hls_video_imgproc.h:2533]   --->   Operation 76 'xor' 'xor_ln582' <Predicate = (!icmp_ln2527)> <Delay = 0.00> <Core = "LogicGate">   --->   Core 27 'LogicGate' <Latency = 0> <II = 1> <Delay = 0.33> <FuncUnit> <Opcode : 'and' 'or' 'xor'> <InPorts = 2> <OutPorts = 1>
ST_9 : Operation 77 [1/1] (0.33ns) (out node of the LUT)   --->   "%and_ln581 = and i1 %icmp_ln581, %xor_ln582" [C:/Xilinx/Vivado/2019.1/common/technology/autopilot/hls/hls_video_types.h:429->C:/Xilinx/Vivado/2019.1/common/technology/autopilot/hls/hls_video_types.h:500->C:/Xilinx/Vivado/2019.1/common/technology/autopilot/hls/hls_video_imgproc.h:2533]   --->   Operation 77 'and' 'and_ln581' <Predicate = (!icmp_ln2527)> <Delay = 0.33> <Core = "LogicGate">   --->   Core 27 'LogicGate' <Latency = 0> <II = 1> <Delay = 0.33> <FuncUnit> <Opcode : 'and' 'or' 'xor'> <InPorts = 2> <OutPorts = 1>
ST_9 : Operation 78 [1/1] (0.33ns)   --->   "%and_ln403 = and i1 %and_ln581, %p_Result_7" [C:/Xilinx/Vivado/2019.1/common/technology/autopilot/hls/hls_video_types.h:429->C:/Xilinx/Vivado/2019.1/common/technology/autopilot/hls/hls_video_types.h:500->C:/Xilinx/Vivado/2019.1/common/technology/autopilot/hls/hls_video_imgproc.h:2533]   --->   Operation 78 'and' 'and_ln403' <Predicate = (!icmp_ln2527)> <Delay = 0.33> <Core = "LogicGate">   --->   Core 27 'LogicGate' <Latency = 0> <II = 1> <Delay = 0.33> <FuncUnit> <Opcode : 'and' 'or' 'xor'> <InPorts = 2> <OutPorts = 1>
ST_9 : Operation 79 [1/1] (0.44ns) (out node of the LUT)   --->   "%select_ln403 = select i1 %and_ln403, i8 %p_Val2_15, i8 %select_ln582" [C:/Xilinx/Vivado/2019.1/common/technology/autopilot/hls/hls_video_types.h:429->C:/Xilinx/Vivado/2019.1/common/technology/autopilot/hls/hls_video_types.h:500->C:/Xilinx/Vivado/2019.1/common/technology/autopilot/hls/hls_video_imgproc.h:2533]   --->   Operation 79 'select' 'select_ln403' <Predicate = (!icmp_ln2527)> <Delay = 0.44> <Core = "Sel">   --->   Core 26 'Sel' <Latency = 0> <II = 1> <Delay = 0.44> <FuncUnit> <Opcode : 'select'> <InPorts = 3> <OutPorts = 1>
ST_9 : Operation 80 [1/1] (0.00ns) (grouped into LUT with out node select_ln403_1)   --->   "%xor_ln403 = xor i1 %p_Result_7, true" [C:/Xilinx/Vivado/2019.1/common/technology/autopilot/hls/hls_video_types.h:429->C:/Xilinx/Vivado/2019.1/common/technology/autopilot/hls/hls_video_types.h:500->C:/Xilinx/Vivado/2019.1/common/technology/autopilot/hls/hls_video_imgproc.h:2533]   --->   Operation 80 'xor' 'xor_ln403' <Predicate = (!icmp_ln2527)> <Delay = 0.00> <Core = "LogicGate">   --->   Core 27 'LogicGate' <Latency = 0> <II = 1> <Delay = 0.33> <FuncUnit> <Opcode : 'and' 'or' 'xor'> <InPorts = 2> <OutPorts = 1>
ST_9 : Operation 81 [1/1] (0.00ns) (grouped into LUT with out node select_ln403_1)   --->   "%and_ln403_1 = and i1 %and_ln581, %xor_ln403" [C:/Xilinx/Vivado/2019.1/common/technology/autopilot/hls/hls_video_types.h:429->C:/Xilinx/Vivado/2019.1/common/technology/autopilot/hls/hls_video_types.h:500->C:/Xilinx/Vivado/2019.1/common/technology/autopilot/hls/hls_video_imgproc.h:2533]   --->   Operation 81 'and' 'and_ln403_1' <Predicate = (!icmp_ln2527)> <Delay = 0.00> <Core = "LogicGate">   --->   Core 27 'LogicGate' <Latency = 0> <II = 1> <Delay = 0.33> <FuncUnit> <Opcode : 'and' 'or' 'xor'> <InPorts = 2> <OutPorts = 1>
ST_9 : Operation 82 [1/1] (0.44ns) (out node of the LUT)   --->   "%select_ln403_1 = select i1 %and_ln403_1, i8 %p_Val2_15, i8 %select_ln403" [C:/Xilinx/Vivado/2019.1/common/technology/autopilot/hls/hls_video_types.h:429->C:/Xilinx/Vivado/2019.1/common/technology/autopilot/hls/hls_video_types.h:500->C:/Xilinx/Vivado/2019.1/common/technology/autopilot/hls/hls_video_imgproc.h:2533]   --->   Operation 82 'select' 'select_ln403_1' <Predicate = (!icmp_ln2527)> <Delay = 0.44> <Core = "Sel">   --->   Core 26 'Sel' <Latency = 0> <II = 1> <Delay = 0.44> <FuncUnit> <Opcode : 'select'> <InPorts = 3> <OutPorts = 1>
ST_9 : Operation 83 [1/1] (0.33ns)   --->   "%or_ln581 = or i1 %icmp_ln582, %icmp_ln581" [C:/Xilinx/Vivado/2019.1/common/technology/autopilot/hls/hls_video_types.h:429->C:/Xilinx/Vivado/2019.1/common/technology/autopilot/hls/hls_video_types.h:500->C:/Xilinx/Vivado/2019.1/common/technology/autopilot/hls/hls_video_imgproc.h:2533]   --->   Operation 83 'or' 'or_ln581' <Predicate = (!icmp_ln2527)> <Delay = 0.33> <Core = "LogicGate">   --->   Core 27 'LogicGate' <Latency = 0> <II = 1> <Delay = 0.33> <FuncUnit> <Opcode : 'and' 'or' 'xor'> <InPorts = 2> <OutPorts = 1>
ST_9 : Operation 84 [1/1] (0.00ns) (grouped into LUT with out node p_Val2_16)   --->   "%xor_ln581 = xor i1 %or_ln581, true" [C:/Xilinx/Vivado/2019.1/common/technology/autopilot/hls/hls_video_types.h:429->C:/Xilinx/Vivado/2019.1/common/technology/autopilot/hls/hls_video_types.h:500->C:/Xilinx/Vivado/2019.1/common/technology/autopilot/hls/hls_video_imgproc.h:2533]   --->   Operation 84 'xor' 'xor_ln581' <Predicate = (!icmp_ln2527)> <Delay = 0.00> <Core = "LogicGate">   --->   Core 27 'LogicGate' <Latency = 0> <II = 1> <Delay = 0.33> <FuncUnit> <Opcode : 'and' 'or' 'xor'> <InPorts = 2> <OutPorts = 1>
ST_9 : Operation 85 [1/1] (0.00ns) (grouped into LUT with out node p_Val2_16)   --->   "%and_ln603 = and i1 %icmp_ln603, %xor_ln581" [C:/Xilinx/Vivado/2019.1/common/technology/autopilot/hls/hls_video_types.h:429->C:/Xilinx/Vivado/2019.1/common/technology/autopilot/hls/hls_video_types.h:500->C:/Xilinx/Vivado/2019.1/common/technology/autopilot/hls/hls_video_imgproc.h:2533]   --->   Operation 85 'and' 'and_ln603' <Predicate = (!icmp_ln2527)> <Delay = 0.00> <Core = "LogicGate">   --->   Core 27 'LogicGate' <Latency = 0> <II = 1> <Delay = 0.33> <FuncUnit> <Opcode : 'and' 'or' 'xor'> <InPorts = 2> <OutPorts = 1>
ST_9 : Operation 86 [1/1] (0.94ns) (out node of the LUT)   --->   "%p_Val2_16 = select i1 %and_ln603, i8 %shl_ln604, i8 %select_ln403_1" [C:/Xilinx/Vivado/2019.1/common/technology/autopilot/hls/hls_video_types.h:429->C:/Xilinx/Vivado/2019.1/common/technology/autopilot/hls/hls_video_types.h:500->C:/Xilinx/Vivado/2019.1/common/technology/autopilot/hls/hls_video_imgproc.h:2533]   --->   Operation 86 'select' 'p_Val2_16' <Predicate = (!icmp_ln2527)> <Delay = 0.94> <Core = "Sel">   --->   Core 26 'Sel' <Latency = 0> <II = 1> <Delay = 0.44> <FuncUnit> <Opcode : 'select'> <InPorts = 3> <OutPorts = 1>
ST_9 : Operation 87 [1/1] (0.00ns) (grouped into LUT with out node and_ln603_2)   --->   "%xor_ln603 = xor i1 %icmp_ln603, true" [C:/Xilinx/Vivado/2019.1/common/technology/autopilot/hls/hls_video_types.h:429->C:/Xilinx/Vivado/2019.1/common/technology/autopilot/hls/hls_video_types.h:500->C:/Xilinx/Vivado/2019.1/common/technology/autopilot/hls/hls_video_imgproc.h:2533]   --->   Operation 87 'xor' 'xor_ln603' <Predicate = (!icmp_ln2527)> <Delay = 0.00> <Core = "LogicGate">   --->   Core 27 'LogicGate' <Latency = 0> <II = 1> <Delay = 0.33> <FuncUnit> <Opcode : 'and' 'or' 'xor'> <InPorts = 2> <OutPorts = 1>
ST_9 : Operation 88 [1/1] (0.00ns) (grouped into LUT with out node and_ln603_2)   --->   "%or_ln603 = or i1 %or_ln581, %xor_ln603" [C:/Xilinx/Vivado/2019.1/common/technology/autopilot/hls/hls_video_types.h:429->C:/Xilinx/Vivado/2019.1/common/technology/autopilot/hls/hls_video_types.h:500->C:/Xilinx/Vivado/2019.1/common/technology/autopilot/hls/hls_video_imgproc.h:2533]   --->   Operation 88 'or' 'or_ln603' <Predicate = (!icmp_ln2527)> <Delay = 0.00> <Core = "LogicGate">   --->   Core 27 'LogicGate' <Latency = 0> <II = 1> <Delay = 0.33> <FuncUnit> <Opcode : 'and' 'or' 'xor'> <InPorts = 2> <OutPorts = 1>
ST_9 : Operation 89 [1/1] (0.00ns) (grouped into LUT with out node and_ln603_2)   --->   "%and_ln603_1 = and i1 %or_ln603, %xor_ln416" [C:/Xilinx/Vivado/2019.1/common/technology/autopilot/hls/hls_video_types.h:429->C:/Xilinx/Vivado/2019.1/common/technology/autopilot/hls/hls_video_types.h:500->C:/Xilinx/Vivado/2019.1/common/technology/autopilot/hls/hls_video_imgproc.h:2533]   --->   Operation 89 'and' 'and_ln603_1' <Predicate = (!icmp_ln2527)> <Delay = 0.00> <Core = "LogicGate">   --->   Core 27 'LogicGate' <Latency = 0> <II = 1> <Delay = 0.33> <FuncUnit> <Opcode : 'and' 'or' 'xor'> <InPorts = 2> <OutPorts = 1>
ST_9 : Operation 90 [1/1] (0.33ns) (out node of the LUT)   --->   "%and_ln603_2 = and i1 %and_ln603_1, %and_ln403" [C:/Xilinx/Vivado/2019.1/common/technology/autopilot/hls/hls_video_types.h:429->C:/Xilinx/Vivado/2019.1/common/technology/autopilot/hls/hls_video_types.h:500->C:/Xilinx/Vivado/2019.1/common/technology/autopilot/hls/hls_video_imgproc.h:2533]   --->   Operation 90 'and' 'and_ln603_2' <Predicate = (!icmp_ln2527)> <Delay = 0.33> <Core = "LogicGate">   --->   Core 27 'LogicGate' <Latency = 0> <II = 1> <Delay = 0.33> <FuncUnit> <Opcode : 'and' 'or' 'xor'> <InPorts = 2> <OutPorts = 1>
ST_9 : Operation 91 [1/1] (0.96ns)   --->   "%pos1 = add i12 8, %F2" [C:/Xilinx/Vivado/2019.1/common/technology/autopilot/hls/hls_video_types.h:429->C:/Xilinx/Vivado/2019.1/common/technology/autopilot/hls/hls_video_types.h:500->C:/Xilinx/Vivado/2019.1/common/technology/autopilot/hls/hls_video_imgproc.h:2533]   --->   Operation 91 'add' 'pos1' <Predicate = (!icmp_ln2527)> <Delay = 0.96> <Core = "AddSub">   --->   Core 14 'AddSub' <Latency = 0> <II = 1> <Delay = 0.94> <FuncUnit> <Opcode : 'add' 'sub'> <InPorts = 2> <OutPorts = 1>
ST_9 : Operation 92 [1/1] (0.00ns) (grouped into LUT with out node Range1_all_ones_1)   --->   "%sext_ln618 = sext i12 %pos1 to i32" [C:/Xilinx/Vivado/2019.1/common/technology/autopilot/hls/hls_video_types.h:429->C:/Xilinx/Vivado/2019.1/common/technology/autopilot/hls/hls_video_types.h:500->C:/Xilinx/Vivado/2019.1/common/technology/autopilot/hls/hls_video_imgproc.h:2533]   --->   Operation 92 'sext' 'sext_ln618' <Predicate = (!icmp_ln2527)> <Delay = 0.00>
ST_9 : Operation 93 [1/1] (0.96ns)   --->   "%pos2 = add i12 9, %F2" [C:/Xilinx/Vivado/2019.1/common/technology/autopilot/hls/hls_video_types.h:429->C:/Xilinx/Vivado/2019.1/common/technology/autopilot/hls/hls_video_types.h:500->C:/Xilinx/Vivado/2019.1/common/technology/autopilot/hls/hls_video_imgproc.h:2533]   --->   Operation 93 'add' 'pos2' <Predicate = (!icmp_ln2527)> <Delay = 0.96> <Core = "AddSub">   --->   Core 14 'AddSub' <Latency = 0> <II = 1> <Delay = 0.94> <FuncUnit> <Opcode : 'add' 'sub'> <InPorts = 2> <OutPorts = 1>
ST_9 : Operation 94 [1/1] (0.00ns)   --->   "%sext_ln619 = sext i12 %pos2 to i32" [C:/Xilinx/Vivado/2019.1/common/technology/autopilot/hls/hls_video_types.h:429->C:/Xilinx/Vivado/2019.1/common/technology/autopilot/hls/hls_video_types.h:500->C:/Xilinx/Vivado/2019.1/common/technology/autopilot/hls/hls_video_imgproc.h:2533]   --->   Operation 94 'sext' 'sext_ln619' <Predicate = (!icmp_ln2527)> <Delay = 0.00>
ST_9 : Operation 95 [1/1] (0.86ns)   --->   "%icmp_ln621 = icmp slt i12 %pos1, 54" [C:/Xilinx/Vivado/2019.1/common/technology/autopilot/hls/hls_video_types.h:429->C:/Xilinx/Vivado/2019.1/common/technology/autopilot/hls/hls_video_types.h:500->C:/Xilinx/Vivado/2019.1/common/technology/autopilot/hls/hls_video_imgproc.h:2533]   --->   Operation 95 'icmp' 'icmp_ln621' <Predicate = (!icmp_ln2527)> <Delay = 0.86> <Core = "Cmp">   --->   Core 25 'Cmp' <Latency = 0> <II = 1> <Delay = 0.85> <FuncUnit> <Opcode : 'icmp'> <InPorts = 2> <OutPorts = 1>
ST_9 : Operation 96 [1/1] (0.00ns)   --->   "%tmp_53 = call i1 @_ssdm_op_BitSelect.i1.i12.i32(i12 %pos1, i32 11)" [C:/Xilinx/Vivado/2019.1/common/technology/autopilot/hls/hls_video_types.h:429->C:/Xilinx/Vivado/2019.1/common/technology/autopilot/hls/hls_video_types.h:500->C:/Xilinx/Vivado/2019.1/common/technology/autopilot/hls/hls_video_imgproc.h:2533]   --->   Operation 96 'bitselect' 'tmp_53' <Predicate = (!icmp_ln2527)> <Delay = 0.00>
ST_9 : Operation 97 [1/1] (0.33ns)   --->   "%xor_ln621_1 = xor i1 %tmp_53, true" [C:/Xilinx/Vivado/2019.1/common/technology/autopilot/hls/hls_video_types.h:429->C:/Xilinx/Vivado/2019.1/common/technology/autopilot/hls/hls_video_types.h:500->C:/Xilinx/Vivado/2019.1/common/technology/autopilot/hls/hls_video_imgproc.h:2533]   --->   Operation 97 'xor' 'xor_ln621_1' <Predicate = (!icmp_ln2527)> <Delay = 0.33> <Core = "LogicGate">   --->   Core 27 'LogicGate' <Latency = 0> <II = 1> <Delay = 0.33> <FuncUnit> <Opcode : 'and' 'or' 'xor'> <InPorts = 2> <OutPorts = 1>
ST_9 : Operation 98 [1/1] (0.00ns) (grouped into LUT with out node Range1_all_ones_1)   --->   "%zext_ln623 = zext i32 %sext_ln618 to i54" [C:/Xilinx/Vivado/2019.1/common/technology/autopilot/hls/hls_video_types.h:429->C:/Xilinx/Vivado/2019.1/common/technology/autopilot/hls/hls_video_types.h:500->C:/Xilinx/Vivado/2019.1/common/technology/autopilot/hls/hls_video_imgproc.h:2533]   --->   Operation 98 'zext' 'zext_ln623' <Predicate = (!icmp_ln2527)> <Delay = 0.00>
ST_9 : Operation 99 [1/1] (0.00ns) (grouped into LUT with out node Range1_all_ones_1)   --->   "%ashr_ln623 = ashr i54 %p_Result_6, %zext_ln623" [C:/Xilinx/Vivado/2019.1/common/technology/autopilot/hls/hls_video_types.h:429->C:/Xilinx/Vivado/2019.1/common/technology/autopilot/hls/hls_video_types.h:500->C:/Xilinx/Vivado/2019.1/common/technology/autopilot/hls/hls_video_imgproc.h:2533]   --->   Operation 99 'ashr' 'ashr_ln623' <Predicate = (!icmp_ln2527)> <Delay = 0.00> <Core = "Shift">   --->   Core 28 'Shift' <Latency = 0> <II = 1> <Delay = 1.45> <FuncUnit> <Opcode : 'shl' 'lshr' 'ashr'> <InPorts = 2> <OutPorts = 1>
ST_9 : Operation 100 [1/1] (0.00ns) (grouped into LUT with out node Range1_all_ones_1)   --->   "%lD = trunc i54 %ashr_ln623 to i1" [C:/Xilinx/Vivado/2019.1/common/technology/autopilot/hls/hls_video_types.h:429->C:/Xilinx/Vivado/2019.1/common/technology/autopilot/hls/hls_video_types.h:500->C:/Xilinx/Vivado/2019.1/common/technology/autopilot/hls/hls_video_imgproc.h:2533]   --->   Operation 100 'trunc' 'lD' <Predicate = (!icmp_ln2527)> <Delay = 0.00>
ST_9 : Operation 101 [1/1] (0.00ns) (grouped into LUT with out node Range1_all_ones_1)   --->   "%and_ln621 = and i1 %lD, %xor_ln621_1" [C:/Xilinx/Vivado/2019.1/common/technology/autopilot/hls/hls_video_types.h:429->C:/Xilinx/Vivado/2019.1/common/technology/autopilot/hls/hls_video_types.h:500->C:/Xilinx/Vivado/2019.1/common/technology/autopilot/hls/hls_video_imgproc.h:2533]   --->   Operation 101 'and' 'and_ln621' <Predicate = (!icmp_ln2527)> <Delay = 0.00> <Core = "LogicGate">   --->   Core 27 'LogicGate' <Latency = 0> <II = 1> <Delay = 0.33> <FuncUnit> <Opcode : 'and' 'or' 'xor'> <InPorts = 2> <OutPorts = 1>
ST_9 : Operation 102 [1/1] (1.69ns) (out node of the LUT)   --->   "%Range1_all_ones_1 = and i1 %and_ln621, %icmp_ln621" [C:/Xilinx/Vivado/2019.1/common/technology/autopilot/hls/hls_video_types.h:429->C:/Xilinx/Vivado/2019.1/common/technology/autopilot/hls/hls_video_types.h:500->C:/Xilinx/Vivado/2019.1/common/technology/autopilot/hls/hls_video_imgproc.h:2533]   --->   Operation 102 'and' 'Range1_all_ones_1' <Predicate = (!icmp_ln2527)> <Delay = 1.69> <Core = "LogicGate">   --->   Core 27 'LogicGate' <Latency = 0> <II = 1> <Delay = 0.33> <FuncUnit> <Opcode : 'and' 'or' 'xor'> <InPorts = 2> <OutPorts = 1>
ST_9 : Operation 103 [1/1] (0.00ns)   --->   "%tmp_54 = call i1 @_ssdm_op_BitSelect.i1.i12.i32(i12 %pos2, i32 11)" [C:/Xilinx/Vivado/2019.1/common/technology/autopilot/hls/hls_video_types.h:429->C:/Xilinx/Vivado/2019.1/common/technology/autopilot/hls/hls_video_types.h:500->C:/Xilinx/Vivado/2019.1/common/technology/autopilot/hls/hls_video_imgproc.h:2533]   --->   Operation 103 'bitselect' 'tmp_54' <Predicate = (!icmp_ln2527)> <Delay = 0.00>
ST_9 : Operation 104 [1/1] (0.33ns)   --->   "%xor_ln631 = xor i1 %tmp_54, true" [C:/Xilinx/Vivado/2019.1/common/technology/autopilot/hls/hls_video_types.h:429->C:/Xilinx/Vivado/2019.1/common/technology/autopilot/hls/hls_video_types.h:500->C:/Xilinx/Vivado/2019.1/common/technology/autopilot/hls/hls_video_imgproc.h:2533]   --->   Operation 104 'xor' 'xor_ln631' <Predicate = (!icmp_ln2527)> <Delay = 0.33> <Core = "LogicGate">   --->   Core 27 'LogicGate' <Latency = 0> <II = 1> <Delay = 0.33> <FuncUnit> <Opcode : 'and' 'or' 'xor'> <InPorts = 2> <OutPorts = 1>
ST_9 : Operation 105 [1/1] (0.86ns)   --->   "%icmp_ln631 = icmp slt i12 %pos2, 54" [C:/Xilinx/Vivado/2019.1/common/technology/autopilot/hls/hls_video_types.h:429->C:/Xilinx/Vivado/2019.1/common/technology/autopilot/hls/hls_video_types.h:500->C:/Xilinx/Vivado/2019.1/common/technology/autopilot/hls/hls_video_imgproc.h:2533]   --->   Operation 105 'icmp' 'icmp_ln631' <Predicate = (!icmp_ln2527)> <Delay = 0.86> <Core = "Cmp">   --->   Core 25 'Cmp' <Latency = 0> <II = 1> <Delay = 0.85> <FuncUnit> <Opcode : 'icmp'> <InPorts = 2> <OutPorts = 1>
ST_9 : Operation 106 [1/1] (0.00ns) (grouped into LUT with out node Range1_all_ones)   --->   "%and_ln631 = and i1 %icmp_ln631, %xor_ln631" [C:/Xilinx/Vivado/2019.1/common/technology/autopilot/hls/hls_video_types.h:429->C:/Xilinx/Vivado/2019.1/common/technology/autopilot/hls/hls_video_types.h:500->C:/Xilinx/Vivado/2019.1/common/technology/autopilot/hls/hls_video_imgproc.h:2533]   --->   Operation 106 'and' 'and_ln631' <Predicate = (!icmp_ln2527)> <Delay = 0.00> <Core = "LogicGate">   --->   Core 27 'LogicGate' <Latency = 0> <II = 1> <Delay = 0.33> <FuncUnit> <Opcode : 'and' 'or' 'xor'> <InPorts = 2> <OutPorts = 1>
ST_9 : Operation 107 [1/1] (0.00ns)   --->   "%zext_ln635 = zext i32 %sext_ln619 to i54" [C:/Xilinx/Vivado/2019.1/common/technology/autopilot/hls/hls_video_types.h:429->C:/Xilinx/Vivado/2019.1/common/technology/autopilot/hls/hls_video_types.h:500->C:/Xilinx/Vivado/2019.1/common/technology/autopilot/hls/hls_video_imgproc.h:2533]   --->   Operation 107 'zext' 'zext_ln635' <Predicate = (!icmp_ln2527)> <Delay = 0.00>
ST_9 : Operation 108 [1/1] (1.69ns)   --->   "%Range2_V_1 = lshr i54 %p_Result_6, %zext_ln635" [C:/Xilinx/Vivado/2019.1/common/technology/autopilot/hls/hls_video_types.h:429->C:/Xilinx/Vivado/2019.1/common/technology/autopilot/hls/hls_video_types.h:500->C:/Xilinx/Vivado/2019.1/common/technology/autopilot/hls/hls_video_imgproc.h:2533]   --->   Operation 108 'lshr' 'Range2_V_1' <Predicate = (!icmp_ln2527)> <Delay = 1.69> <Core = "Shift">   --->   Core 28 'Shift' <Latency = 0> <II = 1> <Delay = 1.45> <FuncUnit> <Opcode : 'shl' 'lshr' 'ashr'> <InPorts = 2> <OutPorts = 1>
ST_9 : Operation 109 [1/1] (0.00ns) (grouped into LUT with out node Range2_all_ones)   --->   "%r_V = lshr i54 -1, %zext_ln635" [C:/Xilinx/Vivado/2019.1/common/technology/autopilot/hls/hls_video_types.h:429->C:/Xilinx/Vivado/2019.1/common/technology/autopilot/hls/hls_video_types.h:500->C:/Xilinx/Vivado/2019.1/common/technology/autopilot/hls/hls_video_imgproc.h:2533]   --->   Operation 109 'lshr' 'r_V' <Predicate = (!icmp_ln2527)> <Delay = 0.00> <Core = "Shift">   --->   Core 28 'Shift' <Latency = 0> <II = 1> <Delay = 1.45> <FuncUnit> <Opcode : 'shl' 'lshr' 'ashr'> <InPorts = 2> <OutPorts = 1>
ST_9 : Operation 110 [1/1] (1.45ns) (out node of the LUT)   --->   "%Range2_all_ones = icmp eq i54 %Range2_V_1, %r_V" [C:/Xilinx/Vivado/2019.1/common/technology/autopilot/hls/hls_video_types.h:429->C:/Xilinx/Vivado/2019.1/common/technology/autopilot/hls/hls_video_types.h:500->C:/Xilinx/Vivado/2019.1/common/technology/autopilot/hls/hls_video_imgproc.h:2533]   --->   Operation 110 'icmp' 'Range2_all_ones' <Predicate = (!icmp_ln2527)> <Delay = 1.45> <Core = "Cmp">   --->   Core 25 'Cmp' <Latency = 0> <II = 1> <Delay = 0.85> <FuncUnit> <Opcode : 'icmp'> <InPorts = 2> <OutPorts = 1>
ST_9 : Operation 111 [1/1] (0.00ns) (grouped into LUT with out node Range1_all_ones)   --->   "%select_ln631 = select i1 %and_ln631, i1 %Range2_all_ones, i1 %xor_ln631" [C:/Xilinx/Vivado/2019.1/common/technology/autopilot/hls/hls_video_types.h:429->C:/Xilinx/Vivado/2019.1/common/technology/autopilot/hls/hls_video_types.h:500->C:/Xilinx/Vivado/2019.1/common/technology/autopilot/hls/hls_video_imgproc.h:2533]   --->   Operation 111 'select' 'select_ln631' <Predicate = (!icmp_ln2527)> <Delay = 0.00> <Core = "Sel">   --->   Core 26 'Sel' <Latency = 0> <II = 1> <Delay = 0.44> <FuncUnit> <Opcode : 'select'> <InPorts = 3> <OutPorts = 1>
ST_9 : Operation 112 [1/1] (0.33ns)   --->   "%and_ln639 = and i1 %icmp_ln631, %xor_ln621_1" [C:/Xilinx/Vivado/2019.1/common/technology/autopilot/hls/hls_video_types.h:429->C:/Xilinx/Vivado/2019.1/common/technology/autopilot/hls/hls_video_types.h:500->C:/Xilinx/Vivado/2019.1/common/technology/autopilot/hls/hls_video_imgproc.h:2533]   --->   Operation 112 'and' 'and_ln639' <Predicate = (!icmp_ln2527)> <Delay = 0.33> <Core = "LogicGate">   --->   Core 27 'LogicGate' <Latency = 0> <II = 1> <Delay = 0.33> <FuncUnit> <Opcode : 'and' 'or' 'xor'> <InPorts = 2> <OutPorts = 1>
ST_9 : Operation 113 [1/1] (0.33ns) (out node of the LUT)   --->   "%Range1_all_ones = and i1 %select_ln631, %Range1_all_ones_1" [C:/Xilinx/Vivado/2019.1/common/technology/autopilot/hls/hls_video_types.h:429->C:/Xilinx/Vivado/2019.1/common/technology/autopilot/hls/hls_video_types.h:500->C:/Xilinx/Vivado/2019.1/common/technology/autopilot/hls/hls_video_imgproc.h:2533]   --->   Operation 113 'and' 'Range1_all_ones' <Predicate = (!icmp_ln2527)> <Delay = 0.33> <Core = "LogicGate">   --->   Core 27 'LogicGate' <Latency = 0> <II = 1> <Delay = 0.33> <FuncUnit> <Opcode : 'and' 'or' 'xor'> <InPorts = 2> <OutPorts = 1>
ST_9 : Operation 114 [1/1] (1.36ns)   --->   "%icmp_ln641 = icmp eq i54 %Range2_V_1, 0" [C:/Xilinx/Vivado/2019.1/common/technology/autopilot/hls/hls_video_types.h:429->C:/Xilinx/Vivado/2019.1/common/technology/autopilot/hls/hls_video_types.h:500->C:/Xilinx/Vivado/2019.1/common/technology/autopilot/hls/hls_video_imgproc.h:2533]   --->   Operation 114 'icmp' 'icmp_ln641' <Predicate = (!icmp_ln2527)> <Delay = 1.36> <Core = "Cmp">   --->   Core 25 'Cmp' <Latency = 0> <II = 1> <Delay = 0.85> <FuncUnit> <Opcode : 'icmp'> <InPorts = 2> <OutPorts = 1>
ST_9 : Operation 115 [1/1] (0.33ns)   --->   "%Range1_all_zeros = xor i1 %Range1_all_ones_1, true" [C:/Xilinx/Vivado/2019.1/common/technology/autopilot/hls/hls_video_types.h:429->C:/Xilinx/Vivado/2019.1/common/technology/autopilot/hls/hls_video_types.h:500->C:/Xilinx/Vivado/2019.1/common/technology/autopilot/hls/hls_video_imgproc.h:2533]   --->   Operation 115 'xor' 'Range1_all_zeros' <Predicate = (!icmp_ln2527)> <Delay = 0.33> <Core = "LogicGate">   --->   Core 27 'LogicGate' <Latency = 0> <II = 1> <Delay = 0.33> <FuncUnit> <Opcode : 'and' 'or' 'xor'> <InPorts = 2> <OutPorts = 1>
ST_9 : Operation 116 [1/1] (0.00ns) (grouped into LUT with out node select_ln639_1)   --->   "%and_ln641 = and i1 %icmp_ln641, %Range1_all_zeros" [C:/Xilinx/Vivado/2019.1/common/technology/autopilot/hls/hls_video_types.h:429->C:/Xilinx/Vivado/2019.1/common/technology/autopilot/hls/hls_video_types.h:500->C:/Xilinx/Vivado/2019.1/common/technology/autopilot/hls/hls_video_imgproc.h:2533]   --->   Operation 116 'and' 'and_ln641' <Predicate = (!icmp_ln2527)> <Delay = 0.00> <Core = "LogicGate">   --->   Core 27 'LogicGate' <Latency = 0> <II = 1> <Delay = 0.33> <FuncUnit> <Opcode : 'and' 'or' 'xor'> <InPorts = 2> <OutPorts = 1>
ST_9 : Operation 117 [1/1] (0.86ns)   --->   "%icmp_ln642 = icmp eq i12 %pos2, 54" [C:/Xilinx/Vivado/2019.1/common/technology/autopilot/hls/hls_video_types.h:429->C:/Xilinx/Vivado/2019.1/common/technology/autopilot/hls/hls_video_types.h:500->C:/Xilinx/Vivado/2019.1/common/technology/autopilot/hls/hls_video_imgproc.h:2533]   --->   Operation 117 'icmp' 'icmp_ln642' <Predicate = (!icmp_ln2527)> <Delay = 0.86> <Core = "Cmp">   --->   Core 25 'Cmp' <Latency = 0> <II = 1> <Delay = 0.85> <FuncUnit> <Opcode : 'icmp'> <InPorts = 2> <OutPorts = 1>
ST_9 : Operation 118 [1/1] (1.35ns)   --->   "%Range1_all_zeros_1 = icmp eq i54 %p_Result_6, 0" [C:/Xilinx/Vivado/2019.1/common/technology/autopilot/hls/hls_video_types.h:429->C:/Xilinx/Vivado/2019.1/common/technology/autopilot/hls/hls_video_types.h:500->C:/Xilinx/Vivado/2019.1/common/technology/autopilot/hls/hls_video_imgproc.h:2533]   --->   Operation 118 'icmp' 'Range1_all_zeros_1' <Predicate = (!icmp_ln2527)> <Delay = 1.35> <Core = "Cmp">   --->   Core 25 'Cmp' <Latency = 0> <II = 1> <Delay = 0.85> <FuncUnit> <Opcode : 'icmp'> <InPorts = 2> <OutPorts = 1>
ST_9 : Operation 119 [1/1] (0.00ns) (grouped into LUT with out node select_ln642_1)   --->   "%or_ln645 = or i1 %Range1_all_zeros_1, %xor_ln621_1" [C:/Xilinx/Vivado/2019.1/common/technology/autopilot/hls/hls_video_types.h:429->C:/Xilinx/Vivado/2019.1/common/technology/autopilot/hls/hls_video_types.h:500->C:/Xilinx/Vivado/2019.1/common/technology/autopilot/hls/hls_video_imgproc.h:2533]   --->   Operation 119 'or' 'or_ln645' <Predicate = (!icmp_ln2527)> <Delay = 0.00> <Core = "LogicGate">   --->   Core 27 'LogicGate' <Latency = 0> <II = 1> <Delay = 0.33> <FuncUnit> <Opcode : 'and' 'or' 'xor'> <InPorts = 2> <OutPorts = 1>
ST_9 : Operation 120 [1/1] (0.00ns) (grouped into LUT with out node and_ln642)   --->   "%xor_ln639_1 = xor i1 %icmp_ln631, true" [C:/Xilinx/Vivado/2019.1/common/technology/autopilot/hls/hls_video_types.h:429->C:/Xilinx/Vivado/2019.1/common/technology/autopilot/hls/hls_video_types.h:500->C:/Xilinx/Vivado/2019.1/common/technology/autopilot/hls/hls_video_imgproc.h:2533]   --->   Operation 120 'xor' 'xor_ln639_1' <Predicate = (!icmp_ln2527)> <Delay = 0.00> <Core = "LogicGate">   --->   Core 27 'LogicGate' <Latency = 0> <II = 1> <Delay = 0.33> <FuncUnit> <Opcode : 'and' 'or' 'xor'> <InPorts = 2> <OutPorts = 1>
ST_9 : Operation 121 [1/1] (0.00ns) (grouped into LUT with out node and_ln642)   --->   "%or_ln639 = or i1 %tmp_53, %xor_ln639_1" [C:/Xilinx/Vivado/2019.1/common/technology/autopilot/hls/hls_video_types.h:429->C:/Xilinx/Vivado/2019.1/common/technology/autopilot/hls/hls_video_types.h:500->C:/Xilinx/Vivado/2019.1/common/technology/autopilot/hls/hls_video_imgproc.h:2533]   --->   Operation 121 'or' 'or_ln639' <Predicate = (!icmp_ln2527)> <Delay = 0.00> <Core = "LogicGate">   --->   Core 27 'LogicGate' <Latency = 0> <II = 1> <Delay = 0.33> <FuncUnit> <Opcode : 'and' 'or' 'xor'> <InPorts = 2> <OutPorts = 1>
ST_9 : Operation 122 [1/1] (0.33ns) (out node of the LUT)   --->   "%and_ln642 = and i1 %icmp_ln642, %or_ln639" [C:/Xilinx/Vivado/2019.1/common/technology/autopilot/hls/hls_video_types.h:429->C:/Xilinx/Vivado/2019.1/common/technology/autopilot/hls/hls_video_types.h:500->C:/Xilinx/Vivado/2019.1/common/technology/autopilot/hls/hls_video_imgproc.h:2533]   --->   Operation 122 'and' 'and_ln642' <Predicate = (!icmp_ln2527)> <Delay = 0.33> <Core = "LogicGate">   --->   Core 27 'LogicGate' <Latency = 0> <II = 1> <Delay = 0.33> <FuncUnit> <Opcode : 'and' 'or' 'xor'> <InPorts = 2> <OutPorts = 1>
ST_9 : Operation 123 [1/1] (0.00ns) (grouped into LUT with out node select_ln639)   --->   "%select_ln642 = select i1 %and_ln642, i1 %Range1_all_ones_1, i1 %xor_ln621_1" [C:/Xilinx/Vivado/2019.1/common/technology/autopilot/hls/hls_video_types.h:429->C:/Xilinx/Vivado/2019.1/common/technology/autopilot/hls/hls_video_types.h:500->C:/Xilinx/Vivado/2019.1/common/technology/autopilot/hls/hls_video_imgproc.h:2533]   --->   Operation 123 'select' 'select_ln642' <Predicate = (!icmp_ln2527)> <Delay = 0.00> <Core = "Sel">   --->   Core 26 'Sel' <Latency = 0> <II = 1> <Delay = 0.44> <FuncUnit> <Opcode : 'select'> <InPorts = 3> <OutPorts = 1>
ST_9 : Operation 124 [1/1] (0.26ns) (out node of the LUT)   --->   "%select_ln639 = select i1 %and_ln639, i1 %Range1_all_ones, i1 %select_ln642" [C:/Xilinx/Vivado/2019.1/common/technology/autopilot/hls/hls_video_types.h:429->C:/Xilinx/Vivado/2019.1/common/technology/autopilot/hls/hls_video_types.h:500->C:/Xilinx/Vivado/2019.1/common/technology/autopilot/hls/hls_video_imgproc.h:2533]   --->   Operation 124 'select' 'select_ln639' <Predicate = (!icmp_ln2527)> <Delay = 0.26> <Core = "Sel">   --->   Core 26 'Sel' <Latency = 0> <II = 1> <Delay = 0.44> <FuncUnit> <Opcode : 'select'> <InPorts = 3> <OutPorts = 1>
ST_9 : Operation 125 [1/1] (0.33ns) (out node of the LUT)   --->   "%select_ln642_1 = select i1 %and_ln642, i1 %Range1_all_zeros, i1 %or_ln645" [C:/Xilinx/Vivado/2019.1/common/technology/autopilot/hls/hls_video_types.h:429->C:/Xilinx/Vivado/2019.1/common/technology/autopilot/hls/hls_video_types.h:500->C:/Xilinx/Vivado/2019.1/common/technology/autopilot/hls/hls_video_imgproc.h:2533]   --->   Operation 125 'select' 'select_ln642_1' <Predicate = (!icmp_ln2527)> <Delay = 0.33> <Core = "Sel">   --->   Core 26 'Sel' <Latency = 0> <II = 1> <Delay = 0.44> <FuncUnit> <Opcode : 'select'> <InPorts = 3> <OutPorts = 1>
ST_9 : Operation 126 [1/1] (0.33ns) (out node of the LUT)   --->   "%select_ln639_1 = select i1 %and_ln639, i1 %and_ln641, i1 %select_ln642_1" [C:/Xilinx/Vivado/2019.1/common/technology/autopilot/hls/hls_video_types.h:429->C:/Xilinx/Vivado/2019.1/common/technology/autopilot/hls/hls_video_types.h:500->C:/Xilinx/Vivado/2019.1/common/technology/autopilot/hls/hls_video_imgproc.h:2533]   --->   Operation 126 'select' 'select_ln639_1' <Predicate = (!icmp_ln2527)> <Delay = 0.33> <Core = "Sel">   --->   Core 26 'Sel' <Latency = 0> <II = 1> <Delay = 0.44> <FuncUnit> <Opcode : 'select'> <InPorts = 3> <OutPorts = 1>
ST_9 : Operation 127 [1/1] (0.00ns) (grouped into LUT with out node select_ln340)   --->   "%deleted_zeros = select i1 %and_ln603_2, i1 %select_ln639, i1 %select_ln639_1" [C:/Xilinx/Vivado/2019.1/common/technology/autopilot/hls/hls_video_types.h:429->C:/Xilinx/Vivado/2019.1/common/technology/autopilot/hls/hls_video_types.h:500->C:/Xilinx/Vivado/2019.1/common/technology/autopilot/hls/hls_video_imgproc.h:2533]   --->   Operation 127 'select' 'deleted_zeros' <Predicate = (!icmp_ln2527)> <Delay = 0.00> <Core = "Sel">   --->   Core 26 'Sel' <Latency = 0> <II = 1> <Delay = 0.44> <FuncUnit> <Opcode : 'select'> <InPorts = 3> <OutPorts = 1>
ST_9 : Operation 128 [1/1] (0.00ns) (grouped into LUT with out node select_ln340)   --->   "%xor_ln621 = xor i1 %icmp_ln621, true" [C:/Xilinx/Vivado/2019.1/common/technology/autopilot/hls/hls_video_types.h:429->C:/Xilinx/Vivado/2019.1/common/technology/autopilot/hls/hls_video_types.h:500->C:/Xilinx/Vivado/2019.1/common/technology/autopilot/hls/hls_video_imgproc.h:2533]   --->   Operation 128 'xor' 'xor_ln621' <Predicate = (!icmp_ln2527)> <Delay = 0.00> <Core = "LogicGate">   --->   Core 27 'LogicGate' <Latency = 0> <II = 1> <Delay = 0.33> <FuncUnit> <Opcode : 'and' 'or' 'xor'> <InPorts = 2> <OutPorts = 1>
ST_9 : Operation 129 [1/1] (0.00ns) (grouped into LUT with out node select_ln340)   --->   "%or_ln658 = or i1 %xor_ln621, %deleted_zeros" [C:/Xilinx/Vivado/2019.1/common/technology/autopilot/hls/hls_video_types.h:429->C:/Xilinx/Vivado/2019.1/common/technology/autopilot/hls/hls_video_types.h:500->C:/Xilinx/Vivado/2019.1/common/technology/autopilot/hls/hls_video_imgproc.h:2533]   --->   Operation 129 'or' 'or_ln658' <Predicate = (!icmp_ln2527)> <Delay = 0.00> <Core = "LogicGate">   --->   Core 27 'LogicGate' <Latency = 0> <II = 1> <Delay = 0.33> <FuncUnit> <Opcode : 'and' 'or' 'xor'> <InPorts = 2> <OutPorts = 1>
ST_9 : Operation 130 [1/1] (0.44ns) (out node of the LUT)   --->   "%select_ln340 = select i1 %or_ln658, i8 %p_Val2_16, i8 -1" [C:/Xilinx/Vivado/2019.1/common/technology/autopilot/hls/hls_video_types.h:429->C:/Xilinx/Vivado/2019.1/common/technology/autopilot/hls/hls_video_types.h:500->C:/Xilinx/Vivado/2019.1/common/technology/autopilot/hls/hls_video_imgproc.h:2533]   --->   Operation 130 'select' 'select_ln340' <Predicate = (!icmp_ln2527)> <Delay = 0.44> <Core = "Sel">   --->   Core 26 'Sel' <Latency = 0> <II = 1> <Delay = 0.44> <FuncUnit> <Opcode : 'select'> <InPorts = 3> <OutPorts = 1>
ST_9 : Operation 131 [1/1] (0.00ns) (grouped into LUT with out node select_ln571)   --->   "%and_ln428_1 = and i1 %icmp_ln833, %icmp_ln837" [C:/Xilinx/Vivado/2019.1/common/technology/autopilot/hls/hls_video_types.h:428->C:/Xilinx/Vivado/2019.1/common/technology/autopilot/hls/hls_video_types.h:500->C:/Xilinx/Vivado/2019.1/common/technology/autopilot/hls/hls_video_imgproc.h:2533]   --->   Operation 131 'and' 'and_ln428_1' <Predicate = (!icmp_ln2527)> <Delay = 0.00> <Core = "LogicGate">   --->   Core 27 'LogicGate' <Latency = 0> <II = 1> <Delay = 0.33> <FuncUnit> <Opcode : 'and' 'or' 'xor'> <InPorts = 2> <OutPorts = 1>
ST_9 : Operation 132 [1/1] (0.00ns) (grouped into LUT with out node select_ln571)   --->   "%xor_ln428 = xor i1 %and_ln428_1, true" [C:/Xilinx/Vivado/2019.1/common/technology/autopilot/hls/hls_video_types.h:428->C:/Xilinx/Vivado/2019.1/common/technology/autopilot/hls/hls_video_types.h:500->C:/Xilinx/Vivado/2019.1/common/technology/autopilot/hls/hls_video_imgproc.h:2533]   --->   Operation 132 'xor' 'xor_ln428' <Predicate = (!icmp_ln2527)> <Delay = 0.00> <Core = "LogicGate">   --->   Core 27 'LogicGate' <Latency = 0> <II = 1> <Delay = 0.33> <FuncUnit> <Opcode : 'and' 'or' 'xor'> <InPorts = 2> <OutPorts = 1>
ST_9 : Operation 133 [1/1] (0.00ns) (grouped into LUT with out node select_ln571)   --->   "%and_ln571 = and i1 %icmp_ln571, %xor_ln428" [C:/Xilinx/Vivado/2019.1/common/technology/autopilot/hls/hls_video_types.h:429->C:/Xilinx/Vivado/2019.1/common/technology/autopilot/hls/hls_video_types.h:500->C:/Xilinx/Vivado/2019.1/common/technology/autopilot/hls/hls_video_imgproc.h:2533]   --->   Operation 133 'and' 'and_ln571' <Predicate = (!icmp_ln2527)> <Delay = 0.00> <Core = "LogicGate">   --->   Core 27 'LogicGate' <Latency = 0> <II = 1> <Delay = 0.33> <FuncUnit> <Opcode : 'and' 'or' 'xor'> <InPorts = 2> <OutPorts = 1>
ST_9 : Operation 134 [1/1] (0.00ns) (grouped into LUT with out node select_ln571)   --->   "%or_ln571 = or i1 %and_ln571, %and_ln428" [C:/Xilinx/Vivado/2019.1/common/technology/autopilot/hls/hls_video_types.h:429->C:/Xilinx/Vivado/2019.1/common/technology/autopilot/hls/hls_video_types.h:500->C:/Xilinx/Vivado/2019.1/common/technology/autopilot/hls/hls_video_imgproc.h:2533]   --->   Operation 134 'or' 'or_ln571' <Predicate = (!icmp_ln2527)> <Delay = 0.00> <Core = "LogicGate">   --->   Core 27 'LogicGate' <Latency = 0> <II = 1> <Delay = 0.33> <FuncUnit> <Opcode : 'and' 'or' 'xor'> <InPorts = 2> <OutPorts = 1>
ST_9 : Operation 135 [1/1] (0.44ns) (out node of the LUT)   --->   "%select_ln571 = select i1 %or_ln571, i8 0, i8 %p_Val2_16" [C:/Xilinx/Vivado/2019.1/common/technology/autopilot/hls/hls_video_types.h:429->C:/Xilinx/Vivado/2019.1/common/technology/autopilot/hls/hls_video_types.h:500->C:/Xilinx/Vivado/2019.1/common/technology/autopilot/hls/hls_video_imgproc.h:2533]   --->   Operation 135 'select' 'select_ln571' <Predicate = (!icmp_ln2527)> <Delay = 0.44> <Core = "Sel">   --->   Core 26 'Sel' <Latency = 0> <II = 1> <Delay = 0.44> <FuncUnit> <Opcode : 'select'> <InPorts = 3> <OutPorts = 1>
ST_9 : Operation 136 [1/1] (0.00ns) (grouped into LUT with out node tmp_55)   --->   "%or_ln571_1 = or i1 %and_ln428, %icmp_ln571" [C:/Xilinx/Vivado/2019.1/common/technology/autopilot/hls/hls_video_types.h:429->C:/Xilinx/Vivado/2019.1/common/technology/autopilot/hls/hls_video_types.h:500->C:/Xilinx/Vivado/2019.1/common/technology/autopilot/hls/hls_video_imgproc.h:2533]   --->   Operation 136 'or' 'or_ln571_1' <Predicate = (!icmp_ln2527)> <Delay = 0.00> <Core = "LogicGate">   --->   Core 27 'LogicGate' <Latency = 0> <II = 1> <Delay = 0.33> <FuncUnit> <Opcode : 'and' 'or' 'xor'> <InPorts = 2> <OutPorts = 1>
ST_9 : Operation 137 [1/1] (0.00ns) (grouped into LUT with out node tmp_55)   --->   "%xor_ln571 = xor i1 %or_ln571_1, true" [C:/Xilinx/Vivado/2019.1/common/technology/autopilot/hls/hls_video_types.h:429->C:/Xilinx/Vivado/2019.1/common/technology/autopilot/hls/hls_video_types.h:500->C:/Xilinx/Vivado/2019.1/common/technology/autopilot/hls/hls_video_imgproc.h:2533]   --->   Operation 137 'xor' 'xor_ln571' <Predicate = (!icmp_ln2527)> <Delay = 0.00> <Core = "LogicGate">   --->   Core 27 'LogicGate' <Latency = 0> <II = 1> <Delay = 0.33> <FuncUnit> <Opcode : 'and' 'or' 'xor'> <InPorts = 2> <OutPorts = 1>
ST_9 : Operation 138 [1/1] (0.44ns) (out node of the LUT)   --->   "%tmp_55 = select i1 %xor_ln571, i8 %select_ln340, i8 %select_ln571" [C:/Xilinx/Vivado/2019.1/common/technology/autopilot/hls/hls_video_types.h:429->C:/Xilinx/Vivado/2019.1/common/technology/autopilot/hls/hls_video_types.h:500->C:/Xilinx/Vivado/2019.1/common/technology/autopilot/hls/hls_video_imgproc.h:2533]   --->   Operation 138 'select' 'tmp_55' <Predicate = (!icmp_ln2527)> <Delay = 0.44> <Core = "Sel">   --->   Core 26 'Sel' <Latency = 0> <II = 1> <Delay = 0.44> <FuncUnit> <Opcode : 'select'> <InPorts = 3> <OutPorts = 1>

State 10 <SV = 9> <Delay = 2.16>
ST_10 : Operation 139 [1/1] (0.00ns)   --->   "call void (...)* @_ssdm_op_SpecLoopName([11 x i8]* @p_str10) nounwind" [C:/Xilinx/Vivado/2019.1/common/technology/autopilot/hls/hls_video_imgproc.h:2527]   --->   Operation 139 'specloopname' <Predicate = (!icmp_ln2527)> <Delay = 0.00>
ST_10 : Operation 140 [1/1] (0.00ns)   --->   "%tmp_7 = call i32 (...)* @_ssdm_op_SpecRegionBegin([11 x i8]* @p_str10)" [C:/Xilinx/Vivado/2019.1/common/technology/autopilot/hls/hls_video_imgproc.h:2527]   --->   Operation 140 'specregionbegin' 'tmp_7' <Predicate = (!icmp_ln2527)> <Delay = 0.00>
ST_10 : Operation 141 [1/1] (0.00ns)   --->   "call void (...)* @_ssdm_op_SpecPipeline(i32 -1, i32 1, i32 1, i32 0, [1 x i8]* @p_str2) nounwind" [C:/Xilinx/Vivado/2019.1/common/technology/autopilot/hls/hls_video_imgproc.h:2529]   --->   Operation 141 'specpipeline' <Predicate = (!icmp_ln2527)> <Delay = 0.00>
ST_10 : Operation 142 [1/1] (0.00ns)   --->   "%tmp_s = call i32 (...)* @_ssdm_op_SpecRegionBegin([12 x i8]* @p_str23)" [C:/Xilinx/Vivado/2019.1/common/technology/autopilot/hls/hls_video_core.h:696->C:/Xilinx/Vivado/2019.1/common/technology/autopilot/hls/hls_video_core.h:717->C:/Xilinx/Vivado/2019.1/common/technology/autopilot/hls/hls_video_imgproc.h:2535]   --->   Operation 142 'specregionbegin' 'tmp_s' <Predicate = (!icmp_ln2527)> <Delay = 0.00>
ST_10 : Operation 143 [1/1] (0.00ns)   --->   "call void (...)* @_ssdm_op_SpecProtocol(i32 0, [1 x i8]* @p_str2) nounwind" [C:/Xilinx/Vivado/2019.1/common/technology/autopilot/hls/hls_video_core.h:700->C:/Xilinx/Vivado/2019.1/common/technology/autopilot/hls/hls_video_core.h:717->C:/Xilinx/Vivado/2019.1/common/technology/autopilot/hls/hls_video_imgproc.h:2535]   --->   Operation 143 'specprotocol' <Predicate = (!icmp_ln2527)> <Delay = 0.00>
ST_10 : Operation 144 [1/1] (2.16ns)   --->   "call void @_ssdm_op_Write.ap_fifo.volatile.i8P(i8* %p_dst_data_stream_V, i8 %tmp_55)" [C:/Xilinx/Vivado/2019.1/common/technology/autopilot/hls/hls_video_core.h:703->C:/Xilinx/Vivado/2019.1/common/technology/autopilot/hls/hls_video_core.h:717->C:/Xilinx/Vivado/2019.1/common/technology/autopilot/hls/hls_video_imgproc.h:2535]   --->   Operation 144 'write' <Predicate = (!icmp_ln2527)> <Delay = 2.16> <Core = "FIFO">   --->   Core 32 'FIFO' <Latency = 0> <II = 1> <Delay = 2.16> <Storage> <Opcode : 'read' 'write' 'nbread' 'nbwrite'> <Ports = 0> <Width = 8> <Depth = 2> <FIFO>
ST_10 : Operation 145 [1/1] (0.00ns)   --->   "%empty_104 = call i32 (...)* @_ssdm_op_SpecRegionEnd([12 x i8]* @p_str23, i32 %tmp_s)" [C:/Xilinx/Vivado/2019.1/common/technology/autopilot/hls/hls_video_core.h:705->C:/Xilinx/Vivado/2019.1/common/technology/autopilot/hls/hls_video_core.h:717->C:/Xilinx/Vivado/2019.1/common/technology/autopilot/hls/hls_video_imgproc.h:2535]   --->   Operation 145 'specregionend' 'empty_104' <Predicate = (!icmp_ln2527)> <Delay = 0.00>
ST_10 : Operation 146 [1/1] (0.00ns)   --->   "%empty_105 = call i32 (...)* @_ssdm_op_SpecRegionEnd([11 x i8]* @p_str10, i32 %tmp_7)" [C:/Xilinx/Vivado/2019.1/common/technology/autopilot/hls/hls_video_imgproc.h:2536]   --->   Operation 146 'specregionend' 'empty_105' <Predicate = (!icmp_ln2527)> <Delay = 0.00>
ST_10 : Operation 147 [1/1] (0.00ns)   --->   "br label %1" [C:/Xilinx/Vivado/2019.1/common/technology/autopilot/hls/hls_video_imgproc.h:2527]   --->   Operation 147 'br' <Predicate = (!icmp_ln2527)> <Delay = 0.00>

State 11 <SV = 3> <Delay = 0.00>
ST_11 : Operation 148 [1/1] (0.00ns)   --->   "%empty_106 = call i32 (...)* @_ssdm_op_SpecRegionEnd([12 x i8]* @p_str9, i32 %tmp_6)" [C:/Xilinx/Vivado/2019.1/common/technology/autopilot/hls/hls_video_imgproc.h:2537]   --->   Operation 148 'specregionend' 'empty_106' <Predicate = true> <Delay = 0.00>
ST_11 : Operation 149 [1/1] (0.00ns)   --->   "br label %0" [C:/Xilinx/Vivado/2019.1/common/technology/autopilot/hls/hls_video_imgproc.h:2526]   --->   Operation 149 'br' <Predicate = true> <Delay = 0.00>


============================================================
+ Verbose Summary: Timing violations
============================================================
Target clock period: 10ns, clock uncertainty: 1.25ns.

 <State 1>: 0.755ns
The critical path consists of the following:
	multiplexor before 'phi' operation ('i') with incoming values : ('i', C:/Xilinx/Vivado/2019.1/common/technology/autopilot/hls/hls_video_imgproc.h:2526) [7]  (0.755 ns)

 <State 2>: 1.19ns
The critical path consists of the following:
	'icmp' operation ('icmp_ln2526', C:/Xilinx/Vivado/2019.1/common/technology/autopilot/hls/hls_video_imgproc.h:2526) [9]  (0.86 ns)
	blocking operation 0.331 ns on control path)

 <State 3>: 0.948ns
The critical path consists of the following:
	'phi' operation ('j') with incoming values : ('j', C:/Xilinx/Vivado/2019.1/common/technology/autopilot/hls/hls_video_imgproc.h:2527) [17]  (0 ns)
	'add' operation ('j', C:/Xilinx/Vivado/2019.1/common/technology/autopilot/hls/hls_video_imgproc.h:2527) [20]  (0.948 ns)

 <State 4>: 2.17ns
The critical path consists of the following:
	fifo read on port 'p_src_data_stream_V' (C:/Xilinx/Vivado/2019.1/common/technology/autopilot/hls/hls_video_core.h:679->C:/Xilinx/Vivado/2019.1/common/technology/autopilot/hls/hls_video_core.h:711->C:/Xilinx/Vivado/2019.1/common/technology/autopilot/hls/hls_video_imgproc.h:2530) [28]  (2.17 ns)

 <State 5>: 7.1ns
The critical path consists of the following:
	'sitodp' operation ('x', C:/Xilinx/Vivado/2019.1/common/technology/autopilot/hls/hls_video_imgproc.h:2533) [31]  (7.1 ns)

 <State 6>: 7.1ns
The critical path consists of the following:
	'sitodp' operation ('x', C:/Xilinx/Vivado/2019.1/common/technology/autopilot/hls/hls_video_imgproc.h:2533) [31]  (7.1 ns)

 <State 7>: 7.1ns
The critical path consists of the following:
	'sitodp' operation ('x', C:/Xilinx/Vivado/2019.1/common/technology/autopilot/hls/hls_video_imgproc.h:2533) [31]  (7.1 ns)

 <State 8>: 7.1ns
The critical path consists of the following:
	'sitodp' operation ('x', C:/Xilinx/Vivado/2019.1/common/technology/autopilot/hls/hls_video_imgproc.h:2533) [31]  (7.1 ns)

 <State 9>: 8.54ns
The critical path consists of the following:
	'sub' operation ('F2', C:/Xilinx/Vivado/2019.1/common/technology/autopilot/hls/hls_video_types.h:429->C:/Xilinx/Vivado/2019.1/common/technology/autopilot/hls/hls_video_types.h:500->C:/Xilinx/Vivado/2019.1/common/technology/autopilot/hls/hls_video_imgproc.h:2533) [43]  (0.962 ns)
	'sub' operation ('sub_ln581', C:/Xilinx/Vivado/2019.1/common/technology/autopilot/hls/hls_video_types.h:429->C:/Xilinx/Vivado/2019.1/common/technology/autopilot/hls/hls_video_types.h:500->C:/Xilinx/Vivado/2019.1/common/technology/autopilot/hls/hls_video_imgproc.h:2533) [45]  (0.962 ns)
	'select' operation ('F2', C:/Xilinx/Vivado/2019.1/common/technology/autopilot/hls/hls_video_types.h:429->C:/Xilinx/Vivado/2019.1/common/technology/autopilot/hls/hls_video_types.h:500->C:/Xilinx/Vivado/2019.1/common/technology/autopilot/hls/hls_video_imgproc.h:2533) [46]  (0.431 ns)
	'icmp' operation ('icmp_ln585', C:/Xilinx/Vivado/2019.1/common/technology/autopilot/hls/hls_video_types.h:429->C:/Xilinx/Vivado/2019.1/common/technology/autopilot/hls/hls_video_types.h:500->C:/Xilinx/Vivado/2019.1/common/technology/autopilot/hls/hls_video_imgproc.h:2533) [51]  (0.861 ns)
	'select' operation ('__Val2__', C:/Xilinx/Vivado/2019.1/common/technology/autopilot/hls/hls_video_types.h:429->C:/Xilinx/Vivado/2019.1/common/technology/autopilot/hls/hls_video_types.h:500->C:/Xilinx/Vivado/2019.1/common/technology/autopilot/hls/hls_video_imgproc.h:2533) [58]  (1.7 ns)
	'add' operation ('__Val2__', C:/Xilinx/Vivado/2019.1/common/technology/autopilot/hls/hls_video_types.h:429->C:/Xilinx/Vivado/2019.1/common/technology/autopilot/hls/hls_video_types.h:500->C:/Xilinx/Vivado/2019.1/common/technology/autopilot/hls/hls_video_imgproc.h:2533) [66]  (0.907 ns)
	'select' operation ('select_ln403', C:/Xilinx/Vivado/2019.1/common/technology/autopilot/hls/hls_video_types.h:429->C:/Xilinx/Vivado/2019.1/common/technology/autopilot/hls/hls_video_types.h:500->C:/Xilinx/Vivado/2019.1/common/technology/autopilot/hls/hls_video_imgproc.h:2533) [73]  (0.445 ns)
	'select' operation ('select_ln403_1', C:/Xilinx/Vivado/2019.1/common/technology/autopilot/hls/hls_video_types.h:429->C:/Xilinx/Vivado/2019.1/common/technology/autopilot/hls/hls_video_types.h:500->C:/Xilinx/Vivado/2019.1/common/technology/autopilot/hls/hls_video_imgproc.h:2533) [76]  (0.445 ns)
	'select' operation ('__Val2__', C:/Xilinx/Vivado/2019.1/common/technology/autopilot/hls/hls_video_types.h:429->C:/Xilinx/Vivado/2019.1/common/technology/autopilot/hls/hls_video_types.h:500->C:/Xilinx/Vivado/2019.1/common/technology/autopilot/hls/hls_video_imgproc.h:2533) [80]  (0.944 ns)
	'select' operation ('select_ln340', C:/Xilinx/Vivado/2019.1/common/technology/autopilot/hls/hls_video_types.h:429->C:/Xilinx/Vivado/2019.1/common/technology/autopilot/hls/hls_video_types.h:500->C:/Xilinx/Vivado/2019.1/common/technology/autopilot/hls/hls_video_imgproc.h:2533) [124]  (0.445 ns)
	'select' operation ('tmp', C:/Xilinx/Vivado/2019.1/common/technology/autopilot/hls/hls_video_types.h:429->C:/Xilinx/Vivado/2019.1/common/technology/autopilot/hls/hls_video_types.h:500->C:/Xilinx/Vivado/2019.1/common/technology/autopilot/hls/hls_video_imgproc.h:2533) [132]  (0.445 ns)

 <State 10>: 2.17ns
The critical path consists of the following:
	fifo write on port 'p_dst_data_stream_V' (C:/Xilinx/Vivado/2019.1/common/technology/autopilot/hls/hls_video_core.h:703->C:/Xilinx/Vivado/2019.1/common/technology/autopilot/hls/hls_video_core.h:717->C:/Xilinx/Vivado/2019.1/common/technology/autopilot/hls/hls_video_imgproc.h:2535) [135]  (2.17 ns)

 <State 11>: 0ns
The critical path consists of the following:


============================================================
+ Verbose Summary: Binding
============================================================
N/A
* FSMD analyzer results:
  - Output states:
 - Input state : 
  - Chain level:
	State 1
	State 2
	State 3
	State 4
	State 5
	State 6
	State 7
	State 8
	State 9
	State 10
	State 11


============================================================
+ Verbose Summary: Datapath Resource usage 
============================================================
N/A
